__tests__/analytics.service.test.ts(92,71): error TS2554: Expected 1 arguments, but got 0.
__tests__/analytics.service.test.ts(129,38): error TS2345: Argument of type '{ rows: { total_sessions: number; total_duration: number; average_session_duration: number; last_active_at: Date; days_active: number; total_conversations: number; completed_conversations: number; ... 7 more ...; customizations_made: number; }[]; }' is not assignable to parameter of type 'never'.
__tests__/analytics.service.test.ts(189,38): error TS2345: Argument of type '{ rows: {}[]; }' is not assignable to parameter of type 'never'.
__tests__/analytics.service.test.ts(210,32): error TS2345: Argument of type '{ rows: { count: string; }[]; }' is not assignable to parameter of type 'never'.
__tests__/analytics.service.test.ts(211,32): error TS2345: Argument of type '{ rows: { count: string; }[]; }' is not assignable to parameter of type 'never'.
__tests__/analytics.service.test.ts(212,32): error TS2345: Argument of type '{ rows: { total_active_users: number; total_new_users: number; avg_session_duration: number; avg_bounce_rate: number; total_conversations: number; avg_messages: number; avg_tokens: number; avg_cost: number; completion_rate: number; }[]; }' is not assignable to parameter of type 'never'.
__tests__/analytics.service.test.ts(264,32): error TS2345: Argument of type '{ rows: { count: string; }[]; }' is not assignable to parameter of type 'never'.
__tests__/analytics.service.test.ts(265,32): error TS2345: Argument of type '{ rows: { count: string; }[]; }' is not assignable to parameter of type 'never'.
__tests__/analytics.service.test.ts(266,32): error TS2345: Argument of type '{ rows: { total_active_users: number; total_new_users: number; avg_session_duration: number; avg_bounce_rate: number; total_conversations: number; avg_messages: number; avg_tokens: number; avg_cost: number; completion_rate: number; }[]; }' is not assignable to parameter of type 'never'.
__tests__/analytics.service.test.ts(444,47): error TS2345: Argument of type '{ metrics: string[]; timeRange: { start: Date; end: Date; }; granularity: "day"; }' is not assignable to parameter of type 'AnalyticsQuery'.
  Type '{ metrics: string[]; timeRange: { start: Date; end: Date; }; granularity: "day"; }' is missing the following properties from type 'AnalyticsQuery': dimensions, filters
__tests__/analytics.service.test.ts(506,38): error TS2345: Argument of type '{ rows: never[]; }' is not assignable to parameter of type 'never'.
__tests__/analytics.service.test.ts(539,38): error TS2345: Argument of type 'Error' is not assignable to parameter of type 'never'.
__tests__/context-intelligent.service.test.ts(92,15): error TS2322: Type '"documentation"' is not assignable to type '"code" | "text" | "example" | "api"'.
__tests__/context-intelligent.service.test.ts(306,56): error TS2345: Argument of type '{ id: string; name: string; type: string; template: string; variables: string[]; metadata: { description: string; version: string; createdAt: Date; updatedAt: Date; usageCount: number; }; }' is not assignable to parameter of type 'ContextTemplate | Promise<ContextTemplate>'.
  Type '{ id: string; name: string; type: string; template: string; variables: string[]; metadata: { description: string; version: string; createdAt: Date; updatedAt: Date; usageCount: number; }; }' is not assignable to type 'ContextTemplate'.
    Types of property 'type' are incompatible.
      Type 'string' is not assignable to type '"general_context" | "code_context" | "api_context" | "example_context" | "tutorial_context"'.
__tests__/context-intelligent.service.test.ts(311,38): error TS2345: Argument of type '{ rows: never[]; }' is not assignable to parameter of type 'never'.
__tests__/fixtures/billing.fixtures.ts(98,3): error TS2322: Type '"stripe"' is not assignable to type 'PaymentProvider'.
__tests__/fixtures/billing.fixtures.ts(116,3): error TS2322: Type '"stripe"' is not assignable to type 'PaymentProvider'.
__tests__/github-monitoring.service.test.ts(325,38): error TS2345: Argument of type '{ rows: { count: string; }[]; }' is not assignable to parameter of type 'never'.
__tests__/github-monitoring.service.test.ts(359,38): error TS2345: Argument of type '{ rows: { count: string; }[]; }' is not assignable to parameter of type 'never'.
__tests__/github-monitoring.service.test.ts(390,38): error TS2345: Argument of type '{ rows: { count: string; }[]; }' is not assignable to parameter of type 'never'.
__tests__/integration/api-key-auth.integration.test.ts(3,27): error TS2307: Cannot find module '../../src/app' or its corresponding type declarations.
__tests__/integration/api-key-auth.integration.test.ts(196,22): error TS2339: Property 'mockResolvedValue' does not exist on type '{ <T extends Submittable>(queryStream: T): T; <R extends any[] = any[], I = any[]>(queryConfig: QueryArrayConfig<I>, values?: QueryConfigValues<I> | undefined): Promise<...>; <R extends QueryResultRow = any, I = any[]>(queryConfig: QueryConfig<...>): Promise<...>; <R extends QueryResultRow = any, I = any[]>(queryTex...'.
__tests__/integration/mcp-protocol.integration.test.ts(1,34): error TS2307: Cannot find module '../../../lib/mcp/utils/server-factory' or its corresponding type declarations.
__tests__/integration/mcp-protocol.integration.test.ts(2,31): error TS2307: Cannot find module '../../../lib/mcp/types' or its corresponding type declarations.
__tests__/integration/oauth-flow.integration.test.ts(7,30): error TS2307: Cannot find module 'redis' or its corresponding type declarations.
__tests__/integration/webhooks.integration.test.ts(2,39): error TS2307: Cannot find module '../../src/app/api/webhooks/stripe/route' or its corresponding type declarations.
__tests__/integration/webhooks.integration.test.ts(3,39): error TS2307: Cannot find module '../../src/app/api/webhooks/paypal/route' or its corresponding type declarations.
__tests__/library-search.controller.test.ts(151,56): error TS2345: Argument of type '{ name: string; type: string; }[]' is not assignable to parameter of type '{ name: string; displayName?: string | undefined; description?: string | undefined; type: "exact" | "partial" | "suggestion"; }[] | Promise<{ name: string; displayName?: string | undefined; description?: string | undefined; type: "exact" | ... 1 more ... | "suggestion"; }[]>'.
  Type '{ name: string; type: string; }[]' is not assignable to type '{ name: string; displayName?: string | undefined; description?: string | undefined; type: "exact" | "partial" | "suggestion"; }[]'.
    Type '{ name: string; type: string; }' is not assignable to type '{ name: string; displayName?: string | undefined; description?: string | undefined; type: "exact" | "partial" | "suggestion"; }'.
      Types of property 'type' are incompatible.
        Type 'string' is not assignable to type '"exact" | "partial" | "suggestion"'.
__tests__/mcp/servers/http-mcp-server.test.ts(26,7): error TS2322: Type 'boolean' is not assignable to type 'Record<string, any>'.
__tests__/mcp/servers/http-mcp-server.test.ts(49,9): error TS2322: Type 'boolean' is not assignable to type 'Record<string, any>'.
__tests__/metrics-collector.service.test.ts(45,13): error TS2349: This expression is not callable.
  Type 'never' has no call signatures.
__tests__/metrics-collector.service.test.ts(47,13): error TS2349: This expression is not callable.
  Type 'never' has no call signatures.
__tests__/metrics-collector.service.test.ts(169,13): error TS2349: This expression is not callable.
  Type 'never' has no call signatures.
__tests__/metrics-collector.service.test.ts(192,11): error TS2349: This expression is not callable.
  Type 'never' has no call signatures.
__tests__/monitoring.service.test.ts(98,63): error TS2345: Argument of type '{ cpu: { usage: number; cores: number; }; memory: { used: number; total: number; }; disk: { used: number; total: number; }; network: { interface: string; bytesIn: number; bytesOut: number; }; }' is not assignable to parameter of type 'SystemMetrics | Promise<SystemMetrics>'.
  Type '{ cpu: { usage: number; cores: number; }; memory: { used: number; total: number; }; disk: { used: number; total: number; }; network: { interface: string; bytesIn: number; bytesOut: number; }; }' is missing the following properties from type 'SystemMetrics': processes, uptime
__tests__/monitoring.service.test.ts(99,68): error TS2345: Argument of type '{ requests: { total: number; averageLatency: number; }; errors: { total: number; }; uptime: number; }' is not assignable to parameter of type 'ApplicationMetrics | Promise<ApplicationMetrics>'.
  Type '{ requests: { total: number; averageLatency: number; }; errors: { total: number; }; uptime: number; }' is missing the following properties from type 'ApplicationMetrics': connections, memory, cpu, throughput
__tests__/monitoring.service.test.ts(100,65): error TS2345: Argument of type '{ connections: { active: number; total: number; }; queries: { total: number; averageLatency: number; }; }' is not assignable to parameter of type 'DatabaseMetrics | Promise<DatabaseMetrics>'.
  Type '{ connections: { active: number; total: number; }; queries: { total: number; averageLatency: number; }; }' is missing the following properties from type 'DatabaseMetrics': performance, replication, size
__tests__/monitoring.service.test.ts(101,64): error TS2345: Argument of type '{ interfaces: { name: string; bytesIn: number; bytesOut: number; packetsIn: number; packetsOut: number; }[]; }' is not assignable to parameter of type 'NetworkMetrics | Promise<NetworkMetrics>'.
  Type '{ interfaces: { name: string; bytesIn: number; bytesOut: number; packetsIn: number; packetsOut: number; }[]; }' is missing the following properties from type 'NetworkMetrics': bandwidth, packets, connections, latency
__tests__/monitoring.service.test.ts(102,65): error TS2345: Argument of type '{ revenue: number; users: { active: number; total: number; }; conversions: { total: number; }; }' is not assignable to parameter of type 'BusinessMetrics | Promise<BusinessMetrics>'.
  Type '{ revenue: number; users: { active: number; total: number; }; conversions: { total: number; }; }' is missing the following properties from type 'BusinessMetrics': conversations, features
__tests__/monitoring.service.test.ts(176,63): error TS2345: Argument of type '{ cpu: { usage: number; }; }' is not assignable to parameter of type 'SystemMetrics | Promise<SystemMetrics>'.
  Type '{ cpu: { usage: number; }; }' is missing the following properties from type 'SystemMetrics': memory, disk, processes, network, uptime
__tests__/monitoring.service.test.ts(177,68): error TS2345: Argument of type '{ requests: { total: number; }; }' is not assignable to parameter of type 'ApplicationMetrics | Promise<ApplicationMetrics>'.
  Type '{ requests: { total: number; }; }' is missing the following properties from type 'ApplicationMetrics': connections, memory, cpu, errors, throughput
__tests__/monitoring.service.test.ts(178,65): error TS2345: Argument of type '{ connections: { active: number; }; }' is not assignable to parameter of type 'DatabaseMetrics | Promise<DatabaseMetrics>'.
  Type '{ connections: { active: number; }; }' is missing the following properties from type 'DatabaseMetrics': queries, performance, replication, size
__tests__/monitoring.service.test.ts(179,64): error TS2345: Argument of type '{ interfaces: never[]; }' is not assignable to parameter of type 'NetworkMetrics | Promise<NetworkMetrics>'.
  Type '{ interfaces: never[]; }' is missing the following properties from type 'NetworkMetrics': bandwidth, packets, connections, latency
__tests__/monitoring.service.test.ts(180,65): error TS2345: Argument of type '{ revenue: number; }' is not assignable to parameter of type 'BusinessMetrics | Promise<BusinessMetrics>'.
  Type '{ revenue: number; }' is missing the following properties from type 'BusinessMetrics': users, conversations, features
__tests__/monitoring.service.test.ts(216,63): error TS2345: Argument of type '{ cpu: { usage: number; }; }' is not assignable to parameter of type 'SystemMetrics | Promise<SystemMetrics>'.
  Type '{ cpu: { usage: number; }; }' is missing the following properties from type 'SystemMetrics': memory, disk, processes, network, uptime
__tests__/monitoring.service.test.ts(217,68): error TS2345: Argument of type '{ requests: { total: number; }; }' is not assignable to parameter of type 'ApplicationMetrics | Promise<ApplicationMetrics>'.
  Type '{ requests: { total: number; }; }' is missing the following properties from type 'ApplicationMetrics': connections, memory, cpu, errors, throughput
__tests__/monitoring.service.test.ts(218,65): error TS2345: Argument of type '{ connections: { active: number; }; }' is not assignable to parameter of type 'DatabaseMetrics | Promise<DatabaseMetrics>'.
  Type '{ connections: { active: number; }; }' is missing the following properties from type 'DatabaseMetrics': queries, performance, replication, size
__tests__/monitoring.service.test.ts(219,64): error TS2345: Argument of type '{ interfaces: never[]; }' is not assignable to parameter of type 'NetworkMetrics | Promise<NetworkMetrics>'.
  Type '{ interfaces: never[]; }' is missing the following properties from type 'NetworkMetrics': bandwidth, packets, connections, latency
__tests__/monitoring.service.test.ts(220,65): error TS2345: Argument of type '{ revenue: number; }' is not assignable to parameter of type 'BusinessMetrics | Promise<BusinessMetrics>'.
  Type '{ revenue: number; }' is missing the following properties from type 'BusinessMetrics': users, conversations, features
__tests__/monitoring.service.test.ts(226,58): error TS2345: Argument of type '{ name: string; description: string; severity: "warning"; source: string; metric: string; threshold: { operator: string; value: number; duration: number; }; currentValue: number; tags: string[]; annotations: never[]; }' is not assignable to parameter of type 'Omit<Alert, "status" | "id" | "timestamp">'.
  The types of 'threshold.operator' are incompatible between these types.
    Type 'string' is not assignable to type '"eq" | "ne" | "gt" | "gte" | "lt" | "lte"'.
__tests__/monitoring.service.test.ts(253,58): error TS2345: Argument of type '{ id: string; name: string; severity: string; status: string; source: string; metric: string; threshold: { operator: string; value: number; duration: number; }; currentValue: number; tags: string[]; annotations: never[]; timestamp: Date; }[]' is not assignable to parameter of type 'Alert[] | Promise<Alert[]>'.
  Type '{ id: string; name: string; severity: string; status: string; source: string; metric: string; threshold: { operator: string; value: number; duration: number; }; currentValue: number; tags: string[]; annotations: never[]; timestamp: Date; }[]' is not assignable to type 'Alert[]'.
    Property 'description' is missing in type '{ id: string; name: string; severity: string; status: string; source: string; metric: string; threshold: { operator: string; value: number; duration: number; }; currentValue: number; tags: string[]; annotations: never[]; timestamp: Date; }' but required in type 'Alert'.
__tests__/monitoring.service.test.ts(283,57): error TS2345: Argument of type '(service: string) => Promise<{ service: string; status: string; timestamp: Date; responseTime: number; details: { connections: number; memory?: undefined; }; dependencies: never[]; } | { service: string; ... 4 more ...; dependencies: never[]; } | { ...; }>' is not assignable to parameter of type '(serviceName: string) => Promise<HealthCheck>'.
  Type 'Promise<{ service: string; status: string; timestamp: Date; responseTime: number; details: { connections: number; memory?: undefined; }; dependencies: never[]; } | { service: string; status: string; timestamp: Date; responseTime: number; details: { ...; }; dependencies: never[]; } | { ...; }>' is not assignable to type 'Promise<HealthCheck>'.
    Type '{ service: string; status: string; timestamp: Date; responseTime: number; details: { connections: number; memory?: undefined; }; dependencies: never[]; } | { service: string; status: string; timestamp: Date; responseTime: number; details: { ...; }; dependencies: never[]; } | { ...; }' is not assignable to type 'HealthCheck'.
      Type '{ service: string; status: string; timestamp: Date; responseTime: number; details: { connections: number; memory?: undefined; }; dependencies: never[]; }' is not assignable to type 'HealthCheck'.
        Types of property 'status' are incompatible.
          Type 'string' is not assignable to type '"healthy" | "unhealthy" | "degraded"'.
__tests__/monitoring.service.test.ts(315,56): error TS2345: Argument of type '{ service: string; status: string; timestamp: Date; responseTime: number; details: { error: string; }; dependencies: never[]; }' is not assignable to parameter of type 'HealthCheck | Promise<HealthCheck>'.
  Type '{ service: string; status: string; timestamp: Date; responseTime: number; details: { error: string; }; dependencies: never[]; }' is not assignable to type 'HealthCheck'.
    Types of property 'status' are incompatible.
      Type 'string' is not assignable to type '"healthy" | "unhealthy" | "degraded"'.
__tests__/monitoring.service.test.ts(360,57): error TS2345: Argument of type '(service: string) => Promise<{ service: string; status: string; } | { service: string; status: "healthy"; timestamp: Date; responseTime: number; details: {}; dependencies: never[]; }>' is not assignable to parameter of type '(serviceName: string) => Promise<HealthCheck>'.
  Type 'Promise<{ service: string; status: string; } | { service: string; status: "healthy"; timestamp: Date; responseTime: number; details: {}; dependencies: never[]; }>' is not assignable to type 'Promise<HealthCheck>'.
    Type '{ service: string; status: string; } | { service: string; status: "healthy"; timestamp: Date; responseTime: number; details: {}; dependencies: never[]; }' is not assignable to type 'HealthCheck'.
      Type '{ service: string; status: string; }' is missing the following properties from type 'HealthCheck': timestamp, responseTime, details, dependencies
__tests__/prompt-system.test.ts(85,55): error TS2345: Argument of type '{ name: string; description: string; category: string; version: string; status: "draft"; template: string; variables: { name: string; type: "string"; description: string; required: boolean; examples: string[]; }[]; ... 4 more ...; testing: { ...; }; }' is not assignable to parameter of type 'Omit<PromptTemplate, "id" | "createdAt" | "updatedAt">'.
  Types of property 'category' are incompatible.
    Type 'string' is not assignable to type 'PromptCategory'.
__tests__/prompt-system.test.ts(130,43): error TS2345: Argument of type '{ name: string; description: string; category: string; version: string; status: "draft"; template: string; variables: never[]; examples: never[]; metadata: { author: string; tags: never[]; optimizedFor: never[]; ... 6 more ...; averageRating: number; }; constraints: { ...; }; optimization: { ...; }; testing: { ...; ...' is not assignable to parameter of type 'Omit<PromptTemplate, "id" | "createdAt" | "updatedAt">'.
  Types of property 'category' are incompatible.
    Type 'string' is not assignable to type 'PromptCategory'.
__tests__/prompt-system.test.ts(141,9): error TS2322: Type 'string' is not assignable to type 'PromptCategory'.
__tests__/prompt-system.test.ts(146,11): error TS2741: Property 'dependencies' is missing in type '{ name: string; type: "string"; description: string; required: true; examples: never[]; }' but required in type 'PromptVariable'.
__tests__/prompt-system.test.ts(247,9): error TS2322: Type 'string' is not assignable to type 'PromptCategory'.
__tests__/prompt-system.test.ts(296,9): error TS2322: Type 'string' is not assignable to type 'PromptCategory'.
__tests__/prompt-system.test.ts(347,54): error TS2345: Argument of type '{ name: string; type: string; description: string; required: boolean; examples: never[]; }[]' is not assignable to parameter of type 'PromptVariable[]'.
  Property 'dependencies' is missing in type '{ name: string; type: string; description: string; required: boolean; examples: never[]; }' but required in type 'PromptVariable'.
__tests__/prompt-system.test.ts(356,54): error TS2345: Argument of type '{ name: string; type: string; description: string; required: boolean; examples: never[]; }[]' is not assignable to parameter of type 'PromptVariable[]'.
  Property 'dependencies' is missing in type '{ name: string; type: string; description: string; required: boolean; examples: never[]; }' but required in type 'PromptVariable'.
__tests__/prompt-system.test.ts(361,13): error TS7034: Variable 'variables' implicitly has type 'any[]' in some locations where its type cannot be determined.
__tests__/prompt-system.test.ts(363,54): error TS7005: Variable 'variables' implicitly has an 'any[]' type.
__tests__/prompt-system.test.ts(381,9): error TS2322: Type 'string' is not assignable to type 'PromptCategory'.
__tests__/prompt-system.test.ts(438,24): error TS2304: Cannot find name 'PromptExecution'.
__tests__/search-analytics.service.test.ts(40,38): error TS2554: Expected 1 arguments, but got 3.
__tests__/search-analytics.service.test.ts(53,31): error TS2345: Argument of type 'string' is not assignable to parameter of type '{ query: string; userId?: string | undefined; resultCount: number; searchTime?: number | undefined; filters?: { tags?: string[] | undefined; language?: string | undefined; license?: string | undefined; } | undefined; }'.
__tests__/search-analytics.service.test.ts(301,21): error TS2339: Property 'cleanupOldLogs' does not exist on type 'SearchAnalyticsService'.
__tests__/search-analytics.service.test.ts(317,21): error TS2339: Property 'cleanupOldLogs' does not exist on type 'SearchAnalyticsService'.
__tests__/search-matching.service.test.ts(60,43): error TS2339: Property 'greaterThan' does not exist on type '(expected: number) => void'.
__tests__/search-matching.service.test.ts(108,43): error TS2339: Property 'greaterThan' does not exist on type '(expected: number) => void'.
__tests__/security/invoice-security.test.ts(117,53): error TS2345: Argument of type '{ rows: never[]; }' is not assignable to parameter of type 'never'.
__tests__/security/invoice-security.test.ts(148,53): error TS2345: Argument of type '{ rows: { id: string; user_id: string; period: string; status: InvoiceStatus; items: string; subtotal: string; tax: string; total: string; currency: string; due_date: Date; paid_date: null; created_at: Date; updated_at: Date; metadata: string; }[]; }' is not assignable to parameter of type 'never'.
__tests__/security/invoice-security.test.ts(197,53): error TS2345: Argument of type '{ rows: never[]; }' is not assignable to parameter of type 'never'.
__tests__/security/invoice-security.test.ts(220,53): error TS2345: Argument of type '{ rows: { id: string; user_id: string; period: string; status: InvoiceStatus; items: string; subtotal: string; tax: string; total: string; currency: string; due_date: Date; paid_date: null; created_at: Date; updated_at: Date; metadata: string; }[]; }' is not assignable to parameter of type 'never'.
__tests__/security/invoice-security.test.ts(275,53): error TS2345: Argument of type '{ rows: never[]; }' is not assignable to parameter of type 'never'.
__tests__/security/invoice-security.test.ts(362,53): error TS2345: Argument of type 'Error' is not assignable to parameter of type 'never'.
__tests__/services/api-key.service.test.ts(1,31): error TS2307: Cannot find module '../../../src/services/api-key.service' or its corresponding type declarations.
__tests__/services/api-key.service.test.ts(3,42): error TS2307: Cannot find module '../../../src/types/api-key.types' or its corresponding type declarations.
__tests__/services/api-key.service.test.ts(228,10): error TS2339: Property 'mockResolvedValueOnce' does not exist on type '{ <T extends Submittable>(queryStream: T): T; <R extends any[] = any[], I = any[]>(queryConfig: QueryArrayConfig<I>, values?: QueryConfigValues<I> | undefined): Promise<...>; <R extends QueryResultRow = any, I = any[]>(queryConfig: QueryConfig<...>): Promise<...>; <R extends QueryResultRow = any, I = any[]>(queryTex...'.
__tests__/services/invoice.service.test.ts(38,10): error TS2339: Property 'mockResolvedValueOnce' does not exist on type '{ <T extends Submittable>(queryStream: T): T; <R extends any[] = any[], I = any[]>(queryConfig: QueryArrayConfig<I>, values?: QueryConfigValues<I> | undefined): Promise<...>; <R extends QueryResultRow = any, I = any[]>(queryConfig: QueryConfig<...>): Promise<...>; <R extends QueryResultRow = any, I = any[]>(queryTex...'.
__tests__/services/invoice.service.test.ts(70,22): error TS2339: Property 'mockReset' does not exist on type '{ <T extends Submittable>(queryStream: T): T; <R extends any[] = any[], I = any[]>(queryConfig: QueryArrayConfig<I>, values?: QueryConfigValues<I> | undefined): Promise<...>; <R extends QueryResultRow = any, I = any[]>(queryConfig: QueryConfig<...>): Promise<...>; <R extends QueryResultRow = any, I = any[]>(queryTex...'.
__tests__/services/invoice.service.test.ts(71,22): error TS2339: Property 'mockResolvedValueOnce' does not exist on type '{ <T extends Submittable>(queryStream: T): T; <R extends any[] = any[], I = any[]>(queryConfig: QueryArrayConfig<I>, values?: QueryConfigValues<I> | undefined): Promise<...>; <R extends QueryResultRow = any, I = any[]>(queryConfig: QueryConfig<...>): Promise<...>; <R extends QueryResultRow = any, I = any[]>(queryTex...'.
__tests__/services/invoice.service.test.ts(79,22): error TS2339: Property 'mockReset' does not exist on type '{ <T extends Submittable>(queryStream: T): T; <R extends any[] = any[], I = any[]>(queryConfig: QueryArrayConfig<I>, values?: QueryConfigValues<I> | undefined): Promise<...>; <R extends QueryResultRow = any, I = any[]>(queryConfig: QueryConfig<...>): Promise<...>; <R extends QueryResultRow = any, I = any[]>(queryTex...'.
__tests__/services/invoice.service.test.ts(81,10): error TS2339: Property 'mockResolvedValueOnce' does not exist on type '{ <T extends Submittable>(queryStream: T): T; <R extends any[] = any[], I = any[]>(queryConfig: QueryArrayConfig<I>, values?: QueryConfigValues<I> | undefined): Promise<...>; <R extends QueryResultRow = any, I = any[]>(queryConfig: QueryConfig<...>): Promise<...>; <R extends QueryResultRow = any, I = any[]>(queryTex...'.
__tests__/services/invoice.service.test.ts(138,22): error TS2339: Property 'mockResolvedValueOnce' does not exist on type '{ <T extends Submittable>(queryStream: T): T; <R extends any[] = any[], I = any[]>(queryConfig: QueryArrayConfig<I>, values?: QueryConfigValues<I> | undefined): Promise<...>; <R extends QueryResultRow = any, I = any[]>(queryConfig: QueryConfig<...>): Promise<...>; <R extends QueryResultRow = any, I = any[]>(queryTex...'.
__tests__/services/invoice.service.test.ts(160,22): error TS2339: Property 'mockResolvedValueOnce' does not exist on type '{ <T extends Submittable>(queryStream: T): T; <R extends any[] = any[], I = any[]>(queryConfig: QueryArrayConfig<I>, values?: QueryConfigValues<I> | undefined): Promise<...>; <R extends QueryResultRow = any, I = any[]>(queryConfig: QueryConfig<...>): Promise<...>; <R extends QueryResultRow = any, I = any[]>(queryTex...'.
__tests__/services/invoice.service.test.ts(181,22): error TS2339: Property 'mockResolvedValueOnce' does not exist on type '{ <T extends Submittable>(queryStream: T): T; <R extends any[] = any[], I = any[]>(queryConfig: QueryArrayConfig<I>, values?: QueryConfigValues<I> | undefined): Promise<...>; <R extends QueryResultRow = any, I = any[]>(queryConfig: QueryConfig<...>): Promise<...>; <R extends QueryResultRow = any, I = any[]>(queryTex...'.
__tests__/services/invoice.service.test.ts(191,22): error TS2339: Property 'mockResolvedValueOnce' does not exist on type '{ <T extends Submittable>(queryStream: T): T; <R extends any[] = any[], I = any[]>(queryConfig: QueryArrayConfig<I>, values?: QueryConfigValues<I> | undefined): Promise<...>; <R extends QueryResultRow = any, I = any[]>(queryConfig: QueryConfig<...>): Promise<...>; <R extends QueryResultRow = any, I = any[]>(queryTex...'.
__tests__/services/invoice.service.test.ts(202,22): error TS2339: Property 'mockResolvedValueOnce' does not exist on type '{ <T extends Submittable>(queryStream: T): T; <R extends any[] = any[], I = any[]>(queryConfig: QueryArrayConfig<I>, values?: QueryConfigValues<I> | undefined): Promise<...>; <R extends QueryResultRow = any, I = any[]>(queryConfig: QueryConfig<...>): Promise<...>; <R extends QueryResultRow = any, I = any[]>(queryTex...'.
__tests__/services/invoice.service.test.ts(216,22): error TS2339: Property 'mockResolvedValueOnce' does not exist on type '{ <T extends Submittable>(queryStream: T): T; <R extends any[] = any[], I = any[]>(queryConfig: QueryArrayConfig<I>, values?: QueryConfigValues<I> | undefined): Promise<...>; <R extends QueryResultRow = any, I = any[]>(queryConfig: QueryConfig<...>): Promise<...>; <R extends QueryResultRow = any, I = any[]>(queryTex...'.
__tests__/services/invoice.service.test.ts(229,22): error TS2339: Property 'mockResolvedValueOnce' does not exist on type '{ <T extends Submittable>(queryStream: T): T; <R extends any[] = any[], I = any[]>(queryConfig: QueryArrayConfig<I>, values?: QueryConfigValues<I> | undefined): Promise<...>; <R extends QueryResultRow = any, I = any[]>(queryConfig: QueryConfig<...>): Promise<...>; <R extends QueryResultRow = any, I = any[]>(queryTex...'.
__tests__/services/invoice.service.test.ts(243,22): error TS2339: Property 'mockResolvedValueOnce' does not exist on type '{ <T extends Submittable>(queryStream: T): T; <R extends any[] = any[], I = any[]>(queryConfig: QueryArrayConfig<I>, values?: QueryConfigValues<I> | undefined): Promise<...>; <R extends QueryResultRow = any, I = any[]>(queryConfig: QueryConfig<...>): Promise<...>; <R extends QueryResultRow = any, I = any[]>(queryTex...'.
__tests__/services/invoice.service.test.ts(250,39): error TS2339: Property 'mock' does not exist on type '{ <T extends Submittable>(queryStream: T): T; <R extends any[] = any[], I = any[]>(queryConfig: QueryArrayConfig<I>, values?: QueryConfigValues<I> | undefined): Promise<...>; <R extends QueryResultRow = any, I = any[]>(queryConfig: QueryConfig<...>): Promise<...>; <R extends QueryResultRow = any, I = any[]>(queryTex...'.
__tests__/services/invoice.service.test.ts(261,22): error TS2339: Property 'mockResolvedValueOnce' does not exist on type '{ <T extends Submittable>(queryStream: T): T; <R extends any[] = any[], I = any[]>(queryConfig: QueryArrayConfig<I>, values?: QueryConfigValues<I> | undefined): Promise<...>; <R extends QueryResultRow = any, I = any[]>(queryConfig: QueryConfig<...>): Promise<...>; <R extends QueryResultRow = any, I = any[]>(queryTex...'.
__tests__/services/invoice.service.test.ts(279,22): error TS2339: Property 'mockResolvedValueOnce' does not exist on type '{ <T extends Submittable>(queryStream: T): T; <R extends any[] = any[], I = any[]>(queryConfig: QueryArrayConfig<I>, values?: QueryConfigValues<I> | undefined): Promise<...>; <R extends QueryResultRow = any, I = any[]>(queryConfig: QueryConfig<...>): Promise<...>; <R extends QueryResultRow = any, I = any[]>(queryTex...'.
__tests__/services/invoice.service.test.ts(288,22): error TS2339: Property 'mockResolvedValueOnce' does not exist on type '{ <T extends Submittable>(queryStream: T): T; <R extends any[] = any[], I = any[]>(queryConfig: QueryArrayConfig<I>, values?: QueryConfigValues<I> | undefined): Promise<...>; <R extends QueryResultRow = any, I = any[]>(queryConfig: QueryConfig<...>): Promise<...>; <R extends QueryResultRow = any, I = any[]>(queryTex...'.
__tests__/services/oauth.service.test.ts(7,30): error TS2307: Cannot find module 'redis' or its corresponding type declarations.
__tests__/services/payment-providers/paypal.service.test.ts(71,42): error TS2554: Expected 4 arguments, but got 1.
__tests__/services/payment-providers/paypal.service.test.ts(132,21): error TS2339: Property 'success' does not exist on type 'PayPalOrder'.
__tests__/services/payment-providers/paypal.service.test.ts(133,21): error TS2339: Property 'error' does not exist on type 'PayPalOrder'.
__tests__/services/payment-providers/paypal.service.test.ts(153,42): error TS2339: Property 'refundPayment' does not exist on type 'PayPalService'.
__tests__/services/payment-providers/paypal.service.test.ts(178,42): error TS2339: Property 'verifyWebhookSignature' does not exist on type 'PayPalService'.
__tests__/services/payment-providers/paypal.service.test.ts(206,42): error TS2339: Property 'verifyWebhookSignature' does not exist on type 'PayPalService'.
__tests__/services/payment-providers/stripe.service.test.ts(53,40): error TS2339: Property 'mockResolvedValue' does not exist on type '(params: PaymentIntentCreateParams, options?: RequestOptions | undefined) => Promise<Response<PaymentIntent>>'.
__tests__/services/payment-providers/stripe.service.test.ts(55,42): error TS2554: Expected 3-4 arguments, but got 1.
__tests__/services/payment-providers/stripe.service.test.ts(75,40): error TS2339: Property 'mockRejectedValue' does not exist on type '(params: PaymentIntentCreateParams, options?: RequestOptions | undefined) => Promise<Response<PaymentIntent>>'.
__tests__/services/payment-providers/stripe.service.test.ts(80,23): error TS2554: Expected 3-4 arguments, but got 1.
__tests__/services/payment-providers/stripe.service.test.ts(97,41): error TS2339: Property 'mockResolvedValue' does not exist on type '{ (id: string, params?: PaymentIntentConfirmParams | undefined, options?: RequestOptions | undefined): Promise<Response<PaymentIntent>>; (id: string, options?: RequestOptions | undefined): Promise<...>; }'.
__tests__/services/payment-providers/stripe.service.test.ts(99,72): error TS2554: Expected 1 arguments, but got 2.
__tests__/services/payment-providers/stripe.service.test.ts(121,41): error TS2339: Property 'mockResolvedValue' does not exist on type '{ (id: string, params?: PaymentIntentConfirmParams | undefined, options?: RequestOptions | undefined): Promise<Response<PaymentIntent>>; (id: string, options?: RequestOptions | undefined): Promise<...>; }'.
__tests__/services/payment-providers/stripe.service.test.ts(123,72): error TS2554: Expected 1 arguments, but got 2.
__tests__/services/payment-providers/stripe.service.test.ts(142,33): error TS2339: Property 'mockResolvedValue' does not exist on type '{ (params?: RefundCreateParams | undefined, options?: RequestOptions | undefined): Promise<Response<Refund>>; (options?: RequestOptions | undefined): Promise<...>; }'.
__tests__/services/payment-providers/stripe.service.test.ts(144,42): error TS2339: Property 'refundPayment' does not exist on type 'StripeService'.
__tests__/services/payment-providers/stripe.service.test.ts(165,33): error TS2339: Property 'mockResolvedValue' does not exist on type '{ (params?: RefundCreateParams | undefined, options?: RequestOptions | undefined): Promise<Response<Refund>>; (options?: RequestOptions | undefined): Promise<...>; }'.
__tests__/services/payment-providers/stripe.service.test.ts(167,42): error TS2339: Property 'refundPayment' does not exist on type 'StripeService'.
__tests__/services/payment-providers/stripe.service.test.ts(183,35): error TS2339: Property 'mockResolvedValue' does not exist on type '{ (params?: CustomerCreateParams | undefined, options?: RequestOptions | undefined): Promise<Response<Customer>>; (options?: RequestOptions | undefined): Promise<...>; }'.
__tests__/services/payment-providers/stripe.service.test.ts(185,57): error TS2345: Argument of type '{ email: string; name: string; metadata: { userId: string; }; }' is not assignable to parameter of type 'string'.
__tests__/services/payment-providers/stripe.service.test.ts(206,42): error TS2339: Property 'mockReturnValue' does not exist on type '(payload: string | Buffer<ArrayBufferLike>, header: string | string[] | Buffer<ArrayBufferLike>, secret: string, tolerance?: number | undefined, cryptoProvider?: CryptoProvider | undefined, receivedAt?: number | undefined) => Event'.
__tests__/services/payment-providers/stripe.service.test.ts(208,36): error TS2339: Property 'verifyWebhookSignature' does not exist on type 'StripeService'.
__tests__/services/payment-providers/stripe.service.test.ts(223,42): error TS2339: Property 'mockImplementation' does not exist on type '(payload: string | Buffer<ArrayBufferLike>, header: string | string[] | Buffer<ArrayBufferLike>, secret: string, tolerance?: number | undefined, cryptoProvider?: CryptoProvider | undefined, receivedAt?: number | undefined) => Event'.
__tests__/services/payment-providers/stripe.service.test.ts(228,23): error TS2339: Property 'verifyWebhookSignature' does not exist on type 'StripeService'.
__tests__/services/payment.service.test.ts(50,9): error TS2345: Argument of type '"stripe"' is not assignable to parameter of type 'PaymentProvider | undefined'.
__tests__/services/payment.service.test.ts(71,11): error TS2345: Argument of type '"stripe"' is not assignable to parameter of type 'PaymentProvider | undefined'.
__tests__/useChat.test.ts(1,42): error TS2307: Cannot find module '@testing-library/react' or its corresponding type declarations.
__tests__/useChat.test.ts(2,25): error TS2307: Cannot find module '../hooks/useChat' or its corresponding type declarations.
__tests__/vector-search.service.test.ts(66,38): error TS2345: Argument of type '{ rows: { id: string; library_id: string; content: string; embedding: any[]; embedding_model: string; embedding_version: string; position: number; total_chunks: number; created_at: Date; updated_at: Date; ... 9 more ...; last_modified: Date; }[]; }' is not assignable to parameter of type 'never'.
__tests__/vector-search.service.test.ts(100,38): error TS2345: Argument of type '{ rows: never[]; }' is not assignable to parameter of type 'never'.
__tests__/vector-search.service.test.ts(152,38): error TS2345: Argument of type '{ rows: { id: string; library_id: string; content: string; embedding: any[]; embedding_model: string; embedding_version: string; position: number; total_chunks: number; created_at: Date; updated_at: Date; ... 9 more ...; last_modified: Date; }[]; }' is not assignable to parameter of type 'never'.
__tests__/vector-search.service.test.ts(212,38): error TS2345: Argument of type '{ rows: never[]; }' is not assignable to parameter of type 'never'.
__tests__/vector-storage.service.test.ts(156,36): error TS2339: Property 'greaterThan' does not exist on type '(expected: number) => void'.
packages/mcp-server/src/services/library-resolution.service.ts(2,47): error TS2307: Cannot find module 'redis' or its corresponding type declarations.
scripts/performance-monitor.ts(1,34): error TS2307: Cannot find module 'prometheus-client' or its corresponding type declarations.
src/config/redis.config.ts(1,30): error TS2307: Cannot find module 'redis' or its corresponding type declarations.
src/controllers/api-key.controller.ts(160,61): error TS2345: Argument of type 'string | string[]' is not assignable to parameter of type 'string'.
  Type 'string[]' is not assignable to type 'string'.
src/controllers/api-key.controller.ts(221,61): error TS2345: Argument of type 'string | string[]' is not assignable to parameter of type 'string'.
  Type 'string[]' is not assignable to type 'string'.
src/controllers/api-key.controller.ts(266,67): error TS2345: Argument of type 'string | string[]' is not assignable to parameter of type 'string'.
  Type 'string[]' is not assignable to type 'string'.
src/controllers/api-key.controller.ts(315,61): error TS2345: Argument of type 'string | string[]' is not assignable to parameter of type 'string'.
  Type 'string[]' is not assignable to type 'string'.
src/controllers/api-key.controller.ts(326,43): error TS2345: Argument of type 'string | string[]' is not assignable to parameter of type 'string'.
  Type 'string[]' is not assignable to type 'string'.
src/controllers/api-key.controller.ts(377,61): error TS2345: Argument of type 'string | string[]' is not assignable to parameter of type 'string'.
  Type 'string[]' is not assignable to type 'string'.
src/gateway/api-gateway.ts(10,30): error TS2307: Cannot find module 'redis' or its corresponding type declarations.
src/gateway/oauth-routes.ts(9,30): error TS2307: Cannot find module 'redis' or its corresponding type declarations.
src/routes/embeddings.routes.ts(285,67): error TS2345: Argument of type 'string | string[]' is not assignable to parameter of type 'string'.
  Type 'string[]' is not assignable to type 'string'.
src/routes/embeddings.routes.ts(346,75): error TS2345: Argument of type 'string | string[]' is not assignable to parameter of type 'string'.
  Type 'string[]' is not assignable to type 'string'.
src/routes/embeddings.routes.ts(408,57): error TS2345: Argument of type 'string | string[]' is not assignable to parameter of type 'string'.
  Type 'string[]' is not assignable to type 'string'.
src/services/oauth.service.ts(2,30): error TS2307: Cannot find module 'redis' or its corresponding type declarations.
src/test/database.test.ts(104,25): error TS2339: Property 'email' does not exist on type '{}'.
src/test/database.test.ts(105,25): error TS2339: Property 'id' does not exist on type '{}'.
src/test/database.test.ts(140,22): error TS2339: Property 'length' does not exist on type '{}'.
src/test/database.test.ts(141,14): error TS7053: Element implicitly has an 'any' type because expression of type '0' can't be used to index type '{}'.
  Property '0' does not exist on type '{}'.
src/test/database.test.ts(152,14): error TS18048: 'log' is possibly 'undefined'.
src/test/database.test.ts(153,14): error TS18048: 'log' is possibly 'undefined'.
