__tests__/analytics.service.test.ts(92,71): error TS2554: Expected 1 arguments, but got 0.
__tests__/analytics.service.test.ts(129,38): error TS2345: Argument of type '{ rows: { total_sessions: number; total_duration: number; average_session_duration: number; last_active_at: Date; days_active: number; total_conversations: number; completed_conversations: number; ... 7 more ...; customizations_made: number; }[]; }' is not assignable to parameter of type 'never'.
__tests__/analytics.service.test.ts(189,38): error TS2345: Argument of type '{ rows: {}[]; }' is not assignable to parameter of type 'never'.
__tests__/analytics.service.test.ts(210,32): error TS2345: Argument of type '{ rows: { count: string; }[]; }' is not assignable to parameter of type 'never'.
__tests__/analytics.service.test.ts(211,32): error TS2345: Argument of type '{ rows: { count: string; }[]; }' is not assignable to parameter of type 'never'.
__tests__/analytics.service.test.ts(212,32): error TS2345: Argument of type '{ rows: { total_active_users: number; total_new_users: number; avg_session_duration: number; avg_bounce_rate: number; total_conversations: number; avg_messages: number; avg_tokens: number; avg_cost: number; completion_rate: number; }[]; }' is not assignable to parameter of type 'never'.
__tests__/analytics.service.test.ts(264,32): error TS2345: Argument of type '{ rows: { count: string; }[]; }' is not assignable to parameter of type 'never'.
__tests__/analytics.service.test.ts(265,32): error TS2345: Argument of type '{ rows: { count: string; }[]; }' is not assignable to parameter of type 'never'.
__tests__/analytics.service.test.ts(266,32): error TS2345: Argument of type '{ rows: { total_active_users: number; total_new_users: number; avg_session_duration: number; avg_bounce_rate: number; total_conversations: number; avg_messages: number; avg_tokens: number; avg_cost: number; completion_rate: number; }[]; }' is not assignable to parameter of type 'never'.
__tests__/analytics.service.test.ts(444,47): error TS2345: Argument of type '{ metrics: string[]; timeRange: { start: Date; end: Date; }; granularity: "day"; }' is not assignable to parameter of type 'AnalyticsQuery'.
__tests__/analytics.service.test.ts(506,38): error TS2345: Argument of type '{ rows: never[]; }' is not assignable to parameter of type 'never'.
__tests__/analytics.service.test.ts(539,38): error TS2345: Argument of type 'Error' is not assignable to parameter of type 'never'.
__tests__/context-intelligent.service.test.ts(92,15): error TS2322: Type '"documentation"' is not assignable to type '"text" | "code" | "example" | "api"'.
__tests__/context-intelligent.service.test.ts(306,56): error TS2345: Argument of type '{ id: string; name: string; type: string; template: string; variables: string[]; metadata: { description: string; version: string; createdAt: Date; updatedAt: Date; usageCount: number; }; }' is not assignable to parameter of type 'ContextTemplate | Promise<ContextTemplate>'.
__tests__/context-intelligent.service.test.ts(311,38): error TS2345: Argument of type '{ rows: never[]; }' is not assignable to parameter of type 'never'.
__tests__/fixtures/billing.fixtures.ts(3,3): error TS2305: Module '"../../src/types/invoice.types"' has no exported member 'Payment'.
__tests__/fixtures/billing.fixtures.ts(5,3): error TS2305: Module '"../../src/types/invoice.types"' has no exported member 'PaymentStatus'.
__tests__/fixtures/billing.fixtures.ts(9,3): error TS2305: Module '"../../src/types/invoice.types"' has no exported member 'PaymentMethod'.
__tests__/github-monitoring.service.test.ts(325,38): error TS2345: Argument of type '{ rows: { count: string; }[]; }' is not assignable to parameter of type 'never'.
__tests__/github-monitoring.service.test.ts(359,38): error TS2345: Argument of type '{ rows: { count: string; }[]; }' is not assignable to parameter of type 'never'.
__tests__/github-monitoring.service.test.ts(390,38): error TS2345: Argument of type '{ rows: { count: string; }[]; }' is not assignable to parameter of type 'never'.
__tests__/integration/api-key-auth.integration.test.ts(3,27): error TS2307: Cannot find module '../../src/app' or its corresponding type declarations.
__tests__/integration/api-key-auth.integration.test.ts(196,22): error TS2339: Property 'mockResolvedValue' does not exist on type '{ <T extends Submittable>(queryStream: T): T; <R extends any[] = any[], I = any[]>(queryConfig: QueryArrayConfig<I>, values?: QueryConfigValues<I> | undefined): Promise<...>; <R extends QueryResultRow = any, I = any[]>(queryConfig: QueryConfig<...>): Promise<...>; <R extends QueryResultRow = any, I = any[]>(queryTex...'.
__tests__/integration/billing-api.integration.test.ts(2,25): error TS2305: Module '"../../src/types/invoice.types"' has no exported member 'PaymentStatus'.
__tests__/integration/mcp-protocol.integration.test.ts(1,34): error TS2307: Cannot find module '../../../lib/mcp/utils/server-factory' or its corresponding type declarations.
__tests__/integration/mcp-protocol.integration.test.ts(2,31): error TS2307: Cannot find module '../../../lib/mcp/types' or its corresponding type declarations.
__tests__/integration/oauth-flow.integration.test.ts(81,49): error TS2345: Argument of type '{ get: jest.Mock<any, any, any>; setex: jest.Mock<any, any, any>; del: jest.Mock<any, any, any>; keys: jest.Mock<any, any, any>; }' is not assignable to parameter of type 'RedisClientType<{ json: { ARRAPPEND: { readonly IS_READ_ONLY: false; readonly parseCommand: (this: void, parser: CommandParser, key: RedisArgument, path: RedisArgument, json: RedisJSON, ...jsons: RedisJSON[]) => void; readonly transformReply: () => NumberReply<...> | ArrayReply<...>; }; ... 44 more ...; type: { ...;...'.
__tests__/integration/webhooks.integration.test.ts(2,39): error TS2307: Cannot find module '../../src/app/api/webhooks/stripe/route' or its corresponding type declarations.
__tests__/integration/webhooks.integration.test.ts(3,39): error TS2307: Cannot find module '../../src/app/api/webhooks/paypal/route' or its corresponding type declarations.
__tests__/library-search.controller.test.ts(151,56): error TS2345: Argument of type '{ name: string; type: string; }[]' is not assignable to parameter of type '{ name: string; displayName?: string | undefined; description?: string | undefined; type: "exact" | "partial" | "suggestion"; }[] | Promise<{ name: string; displayName?: string | undefined; description?: string | undefined; type: "exact" | ... 1 more ... | "suggestion"; }[]>'.
__tests__/metrics-collector.service.test.ts(45,13): error TS2349: This expression is not callable.
__tests__/metrics-collector.service.test.ts(47,13): error TS2349: This expression is not callable.
__tests__/metrics-collector.service.test.ts(169,13): error TS2349: This expression is not callable.
__tests__/metrics-collector.service.test.ts(192,11): error TS2349: This expression is not callable.
__tests__/mocks/billing.mocks.ts(4,3): error TS2305: Module '"../../src/types/invoice.types"' has no exported member 'Payment'.
__tests__/mocks/billing.mocks.ts(6,3): error TS2305: Module '"../../src/types/invoice.types"' has no exported member 'PaymentStatus'.
__tests__/monitoring.service.test.ts(98,63): error TS2345: Argument of type '{ cpu: { usage: number; cores: number; }; memory: { used: number; total: number; }; disk: { used: number; total: number; }; network: { interface: string; bytesIn: number; bytesOut: number; }; }' is not assignable to parameter of type 'SystemMetrics | Promise<SystemMetrics>'.
__tests__/monitoring.service.test.ts(99,68): error TS2345: Argument of type '{ requests: { total: number; averageLatency: number; }; errors: { total: number; }; uptime: number; }' is not assignable to parameter of type 'ApplicationMetrics | Promise<ApplicationMetrics>'.
__tests__/monitoring.service.test.ts(100,65): error TS2345: Argument of type '{ connections: { active: number; total: number; }; queries: { total: number; averageLatency: number; }; }' is not assignable to parameter of type 'DatabaseMetrics | Promise<DatabaseMetrics>'.
__tests__/monitoring.service.test.ts(101,64): error TS2345: Argument of type '{ interfaces: { name: string; bytesIn: number; bytesOut: number; packetsIn: number; packetsOut: number; }[]; }' is not assignable to parameter of type 'NetworkMetrics | Promise<NetworkMetrics>'.
__tests__/monitoring.service.test.ts(102,65): error TS2345: Argument of type '{ revenue: number; users: { active: number; total: number; }; conversions: { total: number; }; }' is not assignable to parameter of type 'BusinessMetrics | Promise<BusinessMetrics>'.
__tests__/monitoring.service.test.ts(176,63): error TS2345: Argument of type '{ cpu: { usage: number; }; }' is not assignable to parameter of type 'SystemMetrics | Promise<SystemMetrics>'.
__tests__/monitoring.service.test.ts(177,68): error TS2345: Argument of type '{ requests: { total: number; }; }' is not assignable to parameter of type 'ApplicationMetrics | Promise<ApplicationMetrics>'.
__tests__/monitoring.service.test.ts(178,65): error TS2345: Argument of type '{ connections: { active: number; }; }' is not assignable to parameter of type 'DatabaseMetrics | Promise<DatabaseMetrics>'.
__tests__/monitoring.service.test.ts(179,64): error TS2345: Argument of type '{ interfaces: never[]; }' is not assignable to parameter of type 'NetworkMetrics | Promise<NetworkMetrics>'.
__tests__/monitoring.service.test.ts(180,65): error TS2345: Argument of type '{ revenue: number; }' is not assignable to parameter of type 'BusinessMetrics | Promise<BusinessMetrics>'.
__tests__/monitoring.service.test.ts(216,63): error TS2345: Argument of type '{ cpu: { usage: number; }; }' is not assignable to parameter of type 'SystemMetrics | Promise<SystemMetrics>'.
__tests__/monitoring.service.test.ts(217,68): error TS2345: Argument of type '{ requests: { total: number; }; }' is not assignable to parameter of type 'ApplicationMetrics | Promise<ApplicationMetrics>'.
__tests__/monitoring.service.test.ts(218,65): error TS2345: Argument of type '{ connections: { active: number; }; }' is not assignable to parameter of type 'DatabaseMetrics | Promise<DatabaseMetrics>'.
__tests__/monitoring.service.test.ts(219,64): error TS2345: Argument of type '{ interfaces: never[]; }' is not assignable to parameter of type 'NetworkMetrics | Promise<NetworkMetrics>'.
__tests__/monitoring.service.test.ts(220,65): error TS2345: Argument of type '{ revenue: number; }' is not assignable to parameter of type 'BusinessMetrics | Promise<BusinessMetrics>'.
__tests__/monitoring.service.test.ts(226,58): error TS2345: Argument of type '{ name: string; description: string; severity: "warning"; source: string; metric: string; threshold: { operator: string; value: number; duration: number; }; currentValue: number; tags: string[]; annotations: never[]; }' is not assignable to parameter of type 'Omit<Alert, "id" | "timestamp" | "status">'.
__tests__/monitoring.service.test.ts(253,58): error TS2345: Argument of type '{ id: string; name: string; severity: string; status: string; source: string; metric: string; threshold: { operator: string; value: number; duration: number; }; currentValue: number; tags: string[]; annotations: never[]; timestamp: Date; }[]' is not assignable to parameter of type 'Alert[] | Promise<Alert[]>'.
__tests__/monitoring.service.test.ts(283,57): error TS2345: Argument of type '(service: string) => Promise<{ service: string; status: string; timestamp: Date; responseTime: number; details: { connections: number; memory?: undefined; }; dependencies: never[]; } | { service: string; ... 4 more ...; dependencies: never[]; } | { ...; }>' is not assignable to parameter of type '(serviceName: string) => Promise<HealthCheck>'.
__tests__/monitoring.service.test.ts(315,56): error TS2345: Argument of type '{ service: string; status: string; timestamp: Date; responseTime: number; details: { error: string; }; dependencies: never[]; }' is not assignable to parameter of type 'HealthCheck | Promise<HealthCheck>'.
__tests__/monitoring.service.test.ts(360,57): error TS2345: Argument of type '(service: string) => Promise<{ service: string; status: string; } | { service: string; status: "healthy"; timestamp: Date; responseTime: number; details: {}; dependencies: never[]; }>' is not assignable to parameter of type '(serviceName: string) => Promise<HealthCheck>'.
__tests__/prompt-system.test.ts(85,55): error TS2345: Argument of type '{ name: string; description: string; category: string; version: string; status: "draft"; template: string; variables: { name: string; type: "string"; description: string; required: boolean; examples: string[]; }[]; ... 4 more ...; testing: { ...; }; }' is not assignable to parameter of type 'Omit<PromptTemplate, "id" | "createdAt" | "updatedAt">'.
__tests__/prompt-system.test.ts(130,43): error TS2345: Argument of type '{ name: string; description: string; category: string; version: string; status: "draft"; template: string; variables: never[]; examples: never[]; metadata: { author: string; tags: never[]; optimizedFor: never[]; ... 6 more ...; averageRating: number; }; constraints: { ...; }; optimization: { ...; }; testing: { ...; ...' is not assignable to parameter of type 'Omit<PromptTemplate, "id" | "createdAt" | "updatedAt">'.
__tests__/prompt-system.test.ts(141,9): error TS2322: Type 'string' is not assignable to type 'PromptCategory'.
__tests__/prompt-system.test.ts(146,11): error TS2741: Property 'dependencies' is missing in type '{ name: string; type: "string"; description: string; required: true; examples: never[]; }' but required in type 'PromptVariable'.
__tests__/prompt-system.test.ts(247,9): error TS2322: Type 'string' is not assignable to type 'PromptCategory'.
__tests__/prompt-system.test.ts(296,9): error TS2322: Type 'string' is not assignable to type 'PromptCategory'.
__tests__/prompt-system.test.ts(347,54): error TS2345: Argument of type '{ name: string; type: string; description: string; required: boolean; examples: never[]; }[]' is not assignable to parameter of type 'PromptVariable[]'.
__tests__/prompt-system.test.ts(356,54): error TS2345: Argument of type '{ name: string; type: string; description: string; required: boolean; examples: never[]; }[]' is not assignable to parameter of type 'PromptVariable[]'.
__tests__/prompt-system.test.ts(381,9): error TS2322: Type 'string' is not assignable to type 'PromptCategory'.
__tests__/prompt-system.test.ts(438,24): error TS2304: Cannot find name 'PromptExecution'.
__tests__/search-analytics.service.test.ts(40,38): error TS2554: Expected 1 arguments, but got 3.
__tests__/search-analytics.service.test.ts(53,31): error TS2345: Argument of type 'string' is not assignable to parameter of type '{ query: string; userId?: string | undefined; resultCount: number; searchTime?: number | undefined; filters?: { tags?: string[] | undefined; language?: string | undefined; license?: string | undefined; } | undefined; }'.
__tests__/search-analytics.service.test.ts(301,21): error TS2339: Property 'cleanupOldLogs' does not exist on type 'SearchAnalyticsService'.
__tests__/search-analytics.service.test.ts(317,21): error TS2339: Property 'cleanupOldLogs' does not exist on type 'SearchAnalyticsService'.
__tests__/search-matching.service.test.ts(60,43): error TS2339: Property 'greaterThan' does not exist on type '(expected: number) => void'.
__tests__/search-matching.service.test.ts(108,43): error TS2339: Property 'greaterThan' does not exist on type '(expected: number) => void'.
__tests__/security/invoice-security.test.ts(117,53): error TS2345: Argument of type '{ rows: never[]; }' is not assignable to parameter of type 'never'.
__tests__/security/invoice-security.test.ts(148,53): error TS2345: Argument of type '{ rows: { id: string; user_id: string; period: string; status: InvoiceStatus; items: string; subtotal: string; tax: string; total: string; currency: string; due_date: Date; paid_date: null; created_at: Date; updated_at: Date; metadata: string; }[]; }' is not assignable to parameter of type 'never'.
__tests__/security/invoice-security.test.ts(197,53): error TS2345: Argument of type '{ rows: never[]; }' is not assignable to parameter of type 'never'.
__tests__/security/invoice-security.test.ts(220,53): error TS2345: Argument of type '{ rows: { id: string; user_id: string; period: string; status: InvoiceStatus; items: string; subtotal: string; tax: string; total: string; currency: string; due_date: Date; paid_date: null; created_at: Date; updated_at: Date; metadata: string; }[]; }' is not assignable to parameter of type 'never'.
__tests__/security/invoice-security.test.ts(275,53): error TS2345: Argument of type '{ rows: never[]; }' is not assignable to parameter of type 'never'.
__tests__/security/invoice-security.test.ts(362,53): error TS2345: Argument of type 'Error' is not assignable to parameter of type 'never'.
__tests__/services/api-key.service.test.ts(1,31): error TS2307: Cannot find module '../../../src/services/api-key.service' or its corresponding type declarations.
__tests__/services/api-key.service.test.ts(3,42): error TS2307: Cannot find module '../../../src/types/api-key.types' or its corresponding type declarations.
__tests__/services/api-key.service.test.ts(228,10): error TS2339: Property 'mockResolvedValueOnce' does not exist on type '{ <T extends Submittable>(queryStream: T): T; <R extends any[] = any[], I = any[]>(queryConfig: QueryArrayConfig<I>, values?: QueryConfigValues<I> | undefined): Promise<...>; <R extends QueryResultRow = any, I = any[]>(queryConfig: QueryConfig<...>): Promise<...>; <R extends QueryResultRow = any, I = any[]>(queryTex...'.
__tests__/services/invoice.service.test.ts(38,10): error TS2339: Property 'mockResolvedValueOnce' does not exist on type '{ <T extends Submittable>(queryStream: T): T; <R extends any[] = any[], I = any[]>(queryConfig: QueryArrayConfig<I>, values?: QueryConfigValues<I> | undefined): Promise<...>; <R extends QueryResultRow = any, I = any[]>(queryConfig: QueryConfig<...>): Promise<...>; <R extends QueryResultRow = any, I = any[]>(queryTex...'.
__tests__/services/invoice.service.test.ts(70,22): error TS2339: Property 'mockReset' does not exist on type '{ <T extends Submittable>(queryStream: T): T; <R extends any[] = any[], I = any[]>(queryConfig: QueryArrayConfig<I>, values?: QueryConfigValues<I> | undefined): Promise<...>; <R extends QueryResultRow = any, I = any[]>(queryConfig: QueryConfig<...>): Promise<...>; <R extends QueryResultRow = any, I = any[]>(queryTex...'.
__tests__/services/invoice.service.test.ts(71,22): error TS2339: Property 'mockResolvedValueOnce' does not exist on type '{ <T extends Submittable>(queryStream: T): T; <R extends any[] = any[], I = any[]>(queryConfig: QueryArrayConfig<I>, values?: QueryConfigValues<I> | undefined): Promise<...>; <R extends QueryResultRow = any, I = any[]>(queryConfig: QueryConfig<...>): Promise<...>; <R extends QueryResultRow = any, I = any[]>(queryTex...'.
__tests__/services/invoice.service.test.ts(79,22): error TS2339: Property 'mockReset' does not exist on type '{ <T extends Submittable>(queryStream: T): T; <R extends any[] = any[], I = any[]>(queryConfig: QueryArrayConfig<I>, values?: QueryConfigValues<I> | undefined): Promise<...>; <R extends QueryResultRow = any, I = any[]>(queryConfig: QueryConfig<...>): Promise<...>; <R extends QueryResultRow = any, I = any[]>(queryTex...'.
__tests__/services/invoice.service.test.ts(81,10): error TS2339: Property 'mockResolvedValueOnce' does not exist on type '{ <T extends Submittable>(queryStream: T): T; <R extends any[] = any[], I = any[]>(queryConfig: QueryArrayConfig<I>, values?: QueryConfigValues<I> | undefined): Promise<...>; <R extends QueryResultRow = any, I = any[]>(queryConfig: QueryConfig<...>): Promise<...>; <R extends QueryResultRow = any, I = any[]>(queryTex...'.
__tests__/services/invoice.service.test.ts(138,22): error TS2339: Property 'mockResolvedValueOnce' does not exist on type '{ <T extends Submittable>(queryStream: T): T; <R extends any[] = any[], I = any[]>(queryConfig: QueryArrayConfig<I>, values?: QueryConfigValues<I> | undefined): Promise<...>; <R extends QueryResultRow = any, I = any[]>(queryConfig: QueryConfig<...>): Promise<...>; <R extends QueryResultRow = any, I = any[]>(queryTex...'.
__tests__/services/invoice.service.test.ts(160,22): error TS2339: Property 'mockResolvedValueOnce' does not exist on type '{ <T extends Submittable>(queryStream: T): T; <R extends any[] = any[], I = any[]>(queryConfig: QueryArrayConfig<I>, values?: QueryConfigValues<I> | undefined): Promise<...>; <R extends QueryResultRow = any, I = any[]>(queryConfig: QueryConfig<...>): Promise<...>; <R extends QueryResultRow = any, I = any[]>(queryTex...'.
__tests__/services/invoice.service.test.ts(181,22): error TS2339: Property 'mockResolvedValueOnce' does not exist on type '{ <T extends Submittable>(queryStream: T): T; <R extends any[] = any[], I = any[]>(queryConfig: QueryArrayConfig<I>, values?: QueryConfigValues<I> | undefined): Promise<...>; <R extends QueryResultRow = any, I = any[]>(queryConfig: QueryConfig<...>): Promise<...>; <R extends QueryResultRow = any, I = any[]>(queryTex...'.
__tests__/services/invoice.service.test.ts(191,22): error TS2339: Property 'mockResolvedValueOnce' does not exist on type '{ <T extends Submittable>(queryStream: T): T; <R extends any[] = any[], I = any[]>(queryConfig: QueryArrayConfig<I>, values?: QueryConfigValues<I> | undefined): Promise<...>; <R extends QueryResultRow = any, I = any[]>(queryConfig: QueryConfig<...>): Promise<...>; <R extends QueryResultRow = any, I = any[]>(queryTex...'.
__tests__/services/invoice.service.test.ts(202,22): error TS2339: Property 'mockResolvedValueOnce' does not exist on type '{ <T extends Submittable>(queryStream: T): T; <R extends any[] = any[], I = any[]>(queryConfig: QueryArrayConfig<I>, values?: QueryConfigValues<I> | undefined): Promise<...>; <R extends QueryResultRow = any, I = any[]>(queryConfig: QueryConfig<...>): Promise<...>; <R extends QueryResultRow = any, I = any[]>(queryTex...'.
__tests__/services/invoice.service.test.ts(216,22): error TS2339: Property 'mockResolvedValueOnce' does not exist on type '{ <T extends Submittable>(queryStream: T): T; <R extends any[] = any[], I = any[]>(queryConfig: QueryArrayConfig<I>, values?: QueryConfigValues<I> | undefined): Promise<...>; <R extends QueryResultRow = any, I = any[]>(queryConfig: QueryConfig<...>): Promise<...>; <R extends QueryResultRow = any, I = any[]>(queryTex...'.
__tests__/services/invoice.service.test.ts(229,22): error TS2339: Property 'mockResolvedValueOnce' does not exist on type '{ <T extends Submittable>(queryStream: T): T; <R extends any[] = any[], I = any[]>(queryConfig: QueryArrayConfig<I>, values?: QueryConfigValues<I> | undefined): Promise<...>; <R extends QueryResultRow = any, I = any[]>(queryConfig: QueryConfig<...>): Promise<...>; <R extends QueryResultRow = any, I = any[]>(queryTex...'.
__tests__/services/invoice.service.test.ts(243,22): error TS2339: Property 'mockResolvedValueOnce' does not exist on type '{ <T extends Submittable>(queryStream: T): T; <R extends any[] = any[], I = any[]>(queryConfig: QueryArrayConfig<I>, values?: QueryConfigValues<I> | undefined): Promise<...>; <R extends QueryResultRow = any, I = any[]>(queryConfig: QueryConfig<...>): Promise<...>; <R extends QueryResultRow = any, I = any[]>(queryTex...'.
__tests__/services/invoice.service.test.ts(250,39): error TS2339: Property 'mock' does not exist on type '{ <T extends Submittable>(queryStream: T): T; <R extends any[] = any[], I = any[]>(queryConfig: QueryArrayConfig<I>, values?: QueryConfigValues<I> | undefined): Promise<...>; <R extends QueryResultRow = any, I = any[]>(queryConfig: QueryConfig<...>): Promise<...>; <R extends QueryResultRow = any, I = any[]>(queryTex...'.
__tests__/services/invoice.service.test.ts(261,22): error TS2339: Property 'mockResolvedValueOnce' does not exist on type '{ <T extends Submittable>(queryStream: T): T; <R extends any[] = any[], I = any[]>(queryConfig: QueryArrayConfig<I>, values?: QueryConfigValues<I> | undefined): Promise<...>; <R extends QueryResultRow = any, I = any[]>(queryConfig: QueryConfig<...>): Promise<...>; <R extends QueryResultRow = any, I = any[]>(queryTex...'.
__tests__/services/invoice.service.test.ts(279,22): error TS2339: Property 'mockResolvedValueOnce' does not exist on type '{ <T extends Submittable>(queryStream: T): T; <R extends any[] = any[], I = any[]>(queryConfig: QueryArrayConfig<I>, values?: QueryConfigValues<I> | undefined): Promise<...>; <R extends QueryResultRow = any, I = any[]>(queryConfig: QueryConfig<...>): Promise<...>; <R extends QueryResultRow = any, I = any[]>(queryTex...'.
__tests__/services/invoice.service.test.ts(288,22): error TS2339: Property 'mockResolvedValueOnce' does not exist on type '{ <T extends Submittable>(queryStream: T): T; <R extends any[] = any[], I = any[]>(queryConfig: QueryArrayConfig<I>, values?: QueryConfigValues<I> | undefined): Promise<...>; <R extends QueryResultRow = any, I = any[]>(queryConfig: QueryConfig<...>): Promise<...>; <R extends QueryResultRow = any, I = any[]>(queryTex...'.
__tests__/services/payment-providers/paypal.service.test.ts(71,42): error TS2554: Expected 4 arguments, but got 1.
__tests__/services/payment-providers/paypal.service.test.ts(132,21): error TS2339: Property 'success' does not exist on type 'PayPalOrder'.
__tests__/services/payment-providers/paypal.service.test.ts(133,21): error TS2339: Property 'error' does not exist on type 'PayPalOrder'.
__tests__/services/payment-providers/paypal.service.test.ts(153,42): error TS2339: Property 'refundPayment' does not exist on type 'PayPalService'.
__tests__/services/payment-providers/paypal.service.test.ts(178,42): error TS2339: Property 'verifyWebhookSignature' does not exist on type 'PayPalService'.
__tests__/services/payment-providers/paypal.service.test.ts(206,42): error TS2339: Property 'verifyWebhookSignature' does not exist on type 'PayPalService'.
__tests__/services/payment-providers/stripe.service.test.ts(53,40): error TS2339: Property 'mockResolvedValue' does not exist on type '(params: PaymentIntentCreateParams, options?: RequestOptions | undefined) => Promise<Response<PaymentIntent>>'.
__tests__/services/payment-providers/stripe.service.test.ts(55,42): error TS2554: Expected 3-4 arguments, but got 1.
__tests__/services/payment-providers/stripe.service.test.ts(75,40): error TS2339: Property 'mockRejectedValue' does not exist on type '(params: PaymentIntentCreateParams, options?: RequestOptions | undefined) => Promise<Response<PaymentIntent>>'.
__tests__/services/payment-providers/stripe.service.test.ts(80,23): error TS2554: Expected 3-4 arguments, but got 1.
__tests__/services/payment-providers/stripe.service.test.ts(97,41): error TS2339: Property 'mockResolvedValue' does not exist on type '{ (id: string, params?: PaymentIntentConfirmParams | undefined, options?: RequestOptions | undefined): Promise<Response<PaymentIntent>>; (id: string, options?: RequestOptions | undefined): Promise<...>; }'.
__tests__/services/payment-providers/stripe.service.test.ts(99,72): error TS2554: Expected 1 arguments, but got 2.
__tests__/services/payment-providers/stripe.service.test.ts(121,41): error TS2339: Property 'mockResolvedValue' does not exist on type '{ (id: string, params?: PaymentIntentConfirmParams | undefined, options?: RequestOptions | undefined): Promise<Response<PaymentIntent>>; (id: string, options?: RequestOptions | undefined): Promise<...>; }'.
__tests__/services/payment-providers/stripe.service.test.ts(123,72): error TS2554: Expected 1 arguments, but got 2.
__tests__/services/payment-providers/stripe.service.test.ts(142,33): error TS2339: Property 'mockResolvedValue' does not exist on type '{ (params?: RefundCreateParams | undefined, options?: RequestOptions | undefined): Promise<Response<Refund>>; (options?: RequestOptions | undefined): Promise<...>; }'.
__tests__/services/payment-providers/stripe.service.test.ts(144,42): error TS2339: Property 'refundPayment' does not exist on type 'StripeService'.
__tests__/services/payment-providers/stripe.service.test.ts(165,33): error TS2339: Property 'mockResolvedValue' does not exist on type '{ (params?: RefundCreateParams | undefined, options?: RequestOptions | undefined): Promise<Response<Refund>>; (options?: RequestOptions | undefined): Promise<...>; }'.
__tests__/services/payment-providers/stripe.service.test.ts(167,42): error TS2339: Property 'refundPayment' does not exist on type 'StripeService'.
__tests__/services/payment-providers/stripe.service.test.ts(183,35): error TS2339: Property 'mockResolvedValue' does not exist on type '{ (params?: CustomerCreateParams | undefined, options?: RequestOptions | undefined): Promise<Response<Customer>>; (options?: RequestOptions | undefined): Promise<...>; }'.
__tests__/services/payment-providers/stripe.service.test.ts(185,57): error TS2345: Argument of type '{ email: string; name: string; metadata: { userId: string; }; }' is not assignable to parameter of type 'string'.
__tests__/services/payment-providers/stripe.service.test.ts(206,42): error TS2339: Property 'mockReturnValue' does not exist on type '(payload: string | Buffer<ArrayBufferLike>, header: string | string[] | Buffer<ArrayBufferLike>, secret: string, tolerance?: number | undefined, cryptoProvider?: CryptoProvider | undefined, receivedAt?: number | undefined) => Event'.
__tests__/services/payment-providers/stripe.service.test.ts(208,36): error TS2339: Property 'verifyWebhookSignature' does not exist on type 'StripeService'.
__tests__/services/payment-providers/stripe.service.test.ts(223,42): error TS2339: Property 'mockImplementation' does not exist on type '(payload: string | Buffer<ArrayBufferLike>, header: string | string[] | Buffer<ArrayBufferLike>, secret: string, tolerance?: number | undefined, cryptoProvider?: CryptoProvider | undefined, receivedAt?: number | undefined) => Event'.
__tests__/services/payment-providers/stripe.service.test.ts(228,23): error TS2339: Property 'verifyWebhookSignature' does not exist on type 'StripeService'.
__tests__/services/payment.service.test.ts(2,10): error TS2305: Module '"../../src/types/invoice.types"' has no exported member 'PaymentStatus'.
__tests__/useChat.test.ts(1,42): error TS2307: Cannot find module '@testing-library/react' or its corresponding type declarations.
__tests__/useChat.test.ts(2,25): error TS2307: Cannot find module '../hooks/useChat' or its corresponding type declarations.
__tests__/vector-search.service.test.ts(66,38): error TS2345: Argument of type '{ rows: { id: string; library_id: string; content: string; embedding: any[]; embedding_model: string; embedding_version: string; position: number; total_chunks: number; created_at: Date; updated_at: Date; ... 9 more ...; last_modified: Date; }[]; }' is not assignable to parameter of type 'never'.
__tests__/vector-search.service.test.ts(100,38): error TS2345: Argument of type '{ rows: never[]; }' is not assignable to parameter of type 'never'.
__tests__/vector-search.service.test.ts(152,38): error TS2345: Argument of type '{ rows: { id: string; library_id: string; content: string; embedding: any[]; embedding_model: string; embedding_version: string; position: number; total_chunks: number; created_at: Date; updated_at: Date; ... 9 more ...; last_modified: Date; }[]; }' is not assignable to parameter of type 'never'.
__tests__/vector-search.service.test.ts(212,38): error TS2345: Argument of type '{ rows: never[]; }' is not assignable to parameter of type 'never'.
__tests__/vector-storage.service.test.ts(156,36): error TS2339: Property 'greaterThan' does not exist on type '(expected: number) => void'.
app/api/api-keys/route.ts(53,57): error TS18046: 'error' is of type 'unknown'.
app/api/api-keys/route.ts(124,57): error TS18046: 'error' is of type 'unknown'.
app/api/api-keys/route.ts(181,57): error TS18046: 'error' is of type 'unknown'.
app/api/billing/subscriptions/route.ts(3,37): error TS2307: Cannot find module '../../../../services/subscription.service' or its corresponding type declarations.
app/api/billing/subscriptions/route.ts(4,38): error TS2307: Cannot find module '../../../../services/security/kms.service' or its corresponding type declarations.
app/api/chatbot/create/route.ts(68,34): error TS2551: Property 'maxAllowed' does not exist on type '{ allowed: boolean; currentCount?: number | undefined; limit?: number | undefined; message?: string | undefined; plan?: string | undefined; suggestedUpgrade?: string | null | undefined; }'. Did you mean 'allowed'?
app/api/create-checkout-session/route.ts(119,21): error TS2339: Property 'priceId' does not exist on type '{ amount: number; } | { amount: number; } | { priceId: string | undefined; amount: number; } | { priceId: string | undefined; amount: number; } | { priceId: string | undefined; amount: number; } | { ...; }'.
app/api/create-checkout-session/route.ts(119,45): error TS2339: Property 'priceId' does not exist on type '{ amount: number; } | { amount: number; } | { priceId: string | undefined; amount: number; } | { priceId: string | undefined; amount: number; } | { priceId: string | undefined; amount: number; } | { ...; }'.
app/api/create-checkout-session/route.ts(122,28): error TS2339: Property 'priceId' does not exist on type '{ amount: number; } | { amount: number; } | { priceId: string | undefined; amount: number; } | { priceId: string | undefined; amount: number; } | { priceId: string | undefined; amount: number; } | { ...; }'.
app/api/mcp/oauth/route.ts(24,18): error TS2339: Property 'plan' does not exist on type 'GetResult<{ id: string; email: string; name: string | null; avatar: string | null; hashedPassword: string | null; oauthProvider: string | null; oauthId: string | null; role: Role; clientId: string; createdAt: Date; updatedAt: Date; }, unknown> & {}'.
app/api/mcp/query-docs/route.ts(2,10): error TS2459: Module '"@/lib/mcp-tools"' declares 'vectorSearchService' locally, but it is not exported.
app/api/mcp/query-docs/route.ts(83,57): error TS18046: 'error' is of type 'unknown'.
app/api/mcp/resolve-library-id/route.ts(2,10): error TS2459: Module '"@/lib/mcp-tools"' declares 'libraryResolutionService' locally, but it is not exported.
app/api/mcp/resolve-library-id/route.ts(74,57): error TS18046: 'error' is of type 'unknown'.
app/api/mcp/route.ts(44,16): error TS2353: Object literal may only specify known properties, and 'key' does not exist in type 'ApiKeyWhereUniqueInput'.
app/api/mcp/route.ts(59,17): error TS2339: Property 'user' does not exist on type 'GetResult<{ id: string; userId: string; keyHash: string; keyPrefix: string; name: string | null; tier: string; quotaDaily: number; quotaMonthly: number; usedDaily: number; usedMonthly: number; lastUsedAt: Date | null; ... 5 more ...; revokedAt: Date | null; }, unknown> & {}'.
app/api/mcp/route.ts(79,32): error TS2339: Property 'apiUsage' does not exist on type 'PrismaClient<PrismaClientOptions, never, DefaultArgs>'.
app/api/mcp/route.ts(98,18): error TS2339: Property 'apiUsage' does not exist on type 'PrismaClient<PrismaClientOptions, never, DefaultArgs>'.
app/api/mcp/route.ts(427,30): error TS2352: Conversion of type '{ jsonrpc: "2.0"; id: null; error: { code: number; message: string; data: { hint: string; }; }; }' to type 'MCPResponse' may be a mistake because neither type sufficiently overlaps with the other. If this was intentional, convert the expression to 'unknown' first.
app/api/mcp/route.ts(442,30): error TS2352: Conversion of type '{ jsonrpc: "2.0"; id: null; error: { code: number; message: string; data: { remaining: number; plan: string | undefined; }; }; }' to type 'MCPResponse' may be a mistake because neither type sufficiently overlaps with the other. If this was intentional, convert the expression to 'unknown' first.
app/api/mcp/route.ts(546,32): error TS2352: Conversion of type '{ jsonrpc: "2.0"; id: null; error: { code: number; message: string; data: z.ZodIssue[]; }; }' to type 'MCPResponse' may be a mistake because neither type sufficiently overlaps with the other. If this was intentional, convert the expression to 'unknown' first.
app/api/mcp/route.ts(557,30): error TS2352: Conversion of type '{ jsonrpc: "2.0"; id: null; error: { code: number; message: string; data: { message: string; }; }; }' to type 'MCPResponse' may be a mistake because neither type sufficiently overlaps with the other. If this was intentional, convert the expression to 'unknown' first.
app/api/personalization/analytics/route.ts(4,40): error TS2307: Cannot find module '../../../../services/personalization.service' or its corresponding type declarations.
app/api/personalization/export/route.ts(4,40): error TS2307: Cannot find module '../../../../services/personalization.service' or its corresponding type declarations.
app/api/personalization/import/route.ts(4,40): error TS2307: Cannot find module '../../../../services/personalization.service' or its corresponding type declarations.
app/api/personalization/preferences/route.ts(4,40): error TS2307: Cannot find module '../../../../services/personalization.service' or its corresponding type declarations.
app/api/personalization/themes/[id]/apply/route.ts(4,40): error TS2307: Cannot find module '../../../../../services/personalization.service' or its corresponding type declarations.
app/api/personalization/themes/[id]/route.ts(4,40): error TS2307: Cannot find module '../../../../../services/personalization.service' or its corresponding type declarations.
app/api/personalization/themes/route.ts(4,40): error TS2307: Cannot find module '../../../../services/personalization.service' or its corresponding type declarations.
app/api/reporting/reports/[id]/route.ts(34,43): error TS2341: Property 'getReport' is private and only accessible within class 'ReportingService'.
app/api/reporting/reports/[id]/route.ts(60,43): error TS2341: Property 'getReport' is private and only accessible within class 'ReportingService'.
app/api/reporting/reports/[id]/route.ts(78,28): error TS2341: Property 'saveReport' is private and only accessible within class 'ReportingService'.
app/api/subscription/route.ts(68,38): error TS2339: Property 'current_period_end' does not exist on type 'Subscription'.
app/api/v1/api-keys/route.ts(144,39): error TS2339: Property 'error' does not exist on type '{ valid: boolean; error: string; userId?: undefined; tier?: undefined; } | { valid: boolean; userId: string; tier: string; error?: undefined; } | { valid: boolean; userId: string; email: string | undefined; }'.
app/api/v1/api-keys/route.ts(149,54): error TS2339: Property 'email' does not exist on type '{ valid: boolean; error: string; userId?: undefined; tier?: undefined; } | { valid: boolean; userId: string; tier: string; error?: undefined; } | { valid: boolean; userId: string; email: string | undefined; }'.
app/api/v1/api-keys/route.ts(248,39): error TS2339: Property 'error' does not exist on type '{ valid: boolean; error: string; userId?: undefined; tier?: undefined; } | { valid: boolean; userId: string; tier: string; error?: undefined; } | { valid: boolean; userId: string; email: string | undefined; }'.
app/api/v1/api-keys/route.ts(253,54): error TS2339: Property 'email' does not exist on type '{ valid: boolean; error: string; userId?: undefined; tier?: undefined; } | { valid: boolean; userId: string; tier: string; error?: undefined; } | { valid: boolean; userId: string; email: string | undefined; }'.
app/api/v1/api-keys/route.ts(353,39): error TS2339: Property 'error' does not exist on type '{ valid: boolean; error: string; userId?: undefined; tier?: undefined; } | { valid: boolean; userId: string; tier: string; error?: undefined; } | { valid: boolean; userId: string; email: string | undefined; }'.
app/api/v1/api-keys/route.ts(358,54): error TS2339: Property 'email' does not exist on type '{ valid: boolean; error: string; userId?: undefined; tier?: undefined; } | { valid: boolean; userId: string; tier: string; error?: undefined; } | { valid: boolean; userId: string; email: string | undefined; }'.
app/api/v1/billing/route.ts(135,7): error TS2322: Type '({ subscriptions: (GetResult<{ id: string; userId: string; plan: string; status: SubscriptionStatus; currentPeriodStart: Date; currentPeriodEnd: Date; cancelAtPeriodEnd: boolean; ... 8 more ...; metadata: JsonValue; }, unknown> & {})[]; invoices: (GetResult<...> & {})[]; credits: (GetResult<...> & {})[]; payments: (...' is not assignable to type 'null'.
app/api/v1/billing/route.ts(146,37): error TS2339: Property 'subscriptions' does not exist on type 'never'.
app/api/v1/billing/route.ts(147,32): error TS2339: Property 'invoices' does not exist on type 'never'.
app/api/v1/billing/route.ts(148,31): error TS2339: Property 'credits' does not exist on type 'never'.
app/api/v1/billing/route.ts(149,32): error TS2339: Property 'payments' does not exist on type 'never'.
app/api/v1/billing/route.ts(221,34): error TS2339: Property 'firstName' does not exist on type 'never'.
app/api/v1/billing/route.ts(222,33): error TS2339: Property 'lastName' does not exist on type 'never'.
app/api/v1/billing/route.ts(223,30): error TS2339: Property 'email' does not exist on type 'never'.
app/api/v1/billing/route.ts(224,32): error TS2339: Property 'address' does not exist on type 'never'.
app/api/v1/billing/route.ts(225,29): error TS2339: Property 'city' does not exist on type 'never'.
app/api/v1/billing/route.ts(226,32): error TS2339: Property 'country' does not exist on type 'never'.
app/api/v1/billing/route.ts(227,35): error TS2339: Property 'postalCode' does not exist on type 'never'.
app/api/v1/dashboard/route.ts(227,75): error TS2339: Property 'usedToday' does not exist on type '{ id: string; keyPrefix: string; name: string; tier: string; quotaDaily: number; quotaHourly: number; createdAt: string; lastUsedAt: string | null; usage: { requestsToday: number; requestsThisHour: number; successRate: number; }; }'.
app/api/v1/dashboard/route.ts(228,75): error TS2339: Property 'usedThisMonth' does not exist on type '{ id: string; keyPrefix: string; name: string; tier: string; quotaDaily: number; quotaHourly: number; createdAt: string; lastUsedAt: string | null; usage: { requestsToday: number; requestsThisHour: number; successRate: number; }; }'.
app/api/v1/dashboard/route.ts(230,52): error TS2339: Property 'successRate' does not exist on type '{ id: string; keyPrefix: string; name: string; tier: string; quotaDaily: number; quotaHourly: number; createdAt: string; lastUsedAt: string | null; usage: { requestsToday: number; requestsThisHour: number; successRate: number; }; }'.
app/api/v1/usage/stats/route.ts(172,40): error TS2339: Property 'totalTime' does not exist on type '{ count: number; success: number; avgTime: number; } | { count: number; success: number; totalTime: number; }'.
app/api/v1/usage/stats/route.ts(172,62): error TS2339: Property 'totalTime' does not exist on type '{ count: number; success: number; avgTime: number; } | { count: number; success: number; totalTime: number; }'.
app/api/v1/usage/stats/route.ts(173,35): error TS2345: Argument of type '{ count: number; success: number; avgTime: number; } | { count: number; success: number; totalTime: number; }' is not assignable to parameter of type '{ count: number; success: number; avgTime: number; }'.
app/api/v1/usage/stats/route.ts(180,41): error TS2339: Property 'totalTime' does not exist on type '{ count: number; success: number; avgTime: number; }'.
app/api/webhook/route.ts(77,57): error TS2345: Argument of type 'string | undefined' is not assignable to parameter of type 'string'.
app/api/webhooks/paypal/route.ts(11,10): error TS2305: Module '"@/src/types/invoice.types"' has no exported member 'PaymentStatus'.
app/api/webhooks/stripe/route.ts(11,10): error TS2305: Module '"@/src/types/invoice.types"' has no exported member 'PaymentStatus'.
app/dashboard/api-keys/page.tsx(170,54): error TS18046: 'error' is of type 'unknown'.
app/dashboard/api-keys/page.tsx(193,46): error TS18046: 'error' is of type 'unknown'.
app/dashboard/api-keys/page.tsx(293,56): error TS18048: 'key.usage.successRate' is possibly 'undefined'.
app/dashboard/page.tsx(286,13): error TS7030: Not all code paths return a value.
app/debug-login/page.tsx(37,44): error TS2345: Argument of type 'Auth | null' is not assignable to parameter of type 'Auth'.
app/debug-login/page.tsx(55,55): error TS2345: Argument of type 'Auth | null' is not assignable to parameter of type 'Auth'.
components/auth-provider.tsx(74,29): error TS2345: Argument of type 'string | undefined' is not assignable to parameter of type 'string'.
components/PaymentForm.tsx(4,19): error TS2305: Module '"@/types/invoice.types"' has no exported member 'PaymentMethod'.
config/mcp-server.config.ts(16,5): error TS2353: Object literal may only specify known properties, and 'logging' does not exist in type '{ port: number; host: string; cors: boolean; rateLimit: boolean; }'.
config/mcp-server.config.ts(49,5): error TS2353: Object literal may only specify known properties, and 'logging' does not exist in type '{ port: number; host: string; cors: boolean; rateLimit: boolean; }'.
lib/agents.ts(44,34): error TS2769: No overload matches this call.
lib/agents.ts(76,26): error TS2769: No overload matches this call.
lib/agents.ts(95,26): error TS2769: No overload matches this call.
lib/agents.ts(108,26): error TS2769: No overload matches this call.
lib/chatbot.ts(79,25): error TS2769: No overload matches this call.
lib/chatbot.ts(98,28): error TS2769: No overload matches this call.
lib/chatbot.ts(117,36): error TS2769: No overload matches this call.
lib/chatbot.ts(136,36): error TS2769: No overload matches this call.
lib/chatbot.ts(165,28): error TS2769: No overload matches this call.
lib/chatbot.ts(178,28): error TS2769: No overload matches this call.
lib/conversation.ts(33,33): error TS2769: No overload matches this call.
lib/conversation.ts(52,41): error TS2769: No overload matches this call.
lib/conversation.ts(74,33): error TS2769: No overload matches this call.
lib/express-server.ts(31,32): error TS7030: Not all code paths return a value.
lib/mcp/middleware/auth.ts(199,16): error TS2769: No overload matches this call.
lib/mcp/servers/http-mcp-server.ts(72,30): error TS7030: Not all code paths return a value.
lib/mcp/tools/data/firebase.ts(231,24): error TS2345: Argument of type '{ id: string; data: any; }' is not assignable to parameter of type 'never'.
lib/mcp/tools/development/github.ts(229,19): error TS2345: Argument of type '{ id: number; number: number; title: string; state: any; body: string; labels: { name: string; }[]; assignee: { login: string; } | null; created_at: string; updated_at: string; }' is not assignable to parameter of type 'never'.
lib/mcp/tools/development/github.ts(262,18): error TS2345: Argument of type '{ id: number; number: number; title: string; state: any; body: string; base: { ref: any; }; head: { ref: any; }; merged: boolean; created_at: string; updated_at: string; }' is not assignable to parameter of type 'never'.
lib/mcp/tools/development/github.ts(292,20): error TS2345: Argument of type '{ sha: string; message: string; author: { name: string; email: string; }; date: string; }' is not assignable to parameter of type 'never'.
lib/mcp/tools/development/github.ts(319,21): error TS2345: Argument of type '{ id: number; tag_name: string; name: string; body: string; created_at: string; published_at: string; }' is not assignable to parameter of type 'never'.
lib/mcp/tools/productivity/calendar.ts(200,21): error TS2345: Argument of type '{ id: string; summary: string; description: string; start: { dateTime: string; timeZone: any; }; end: { dateTime: string; timeZone: any; }; status: string; attendees: { email: string; responseStatus: string; }[]; location: string; created: string; updated: string; }' is not assignable to parameter of type 'never'.
lib/mcp/utils/server-factory.ts(58,31): error TS2345: Argument of type '{ port: number; host: string; cors: boolean; rateLimit: boolean; }' is not assignable to parameter of type 'HttpServerConfig'.
lib/mcp/utils/server-factory.ts(253,13): error TS2353: Object literal may only specify known properties, and 'logging' does not exist in type '{ port: number; host: string; cors: boolean; rateLimit: boolean; }'.
lib/mcp/utils/server-factory.ts(273,13): error TS2353: Object literal may only specify known properties, and 'logging' does not exist in type '{ port: number; host: string; cors: boolean; rateLimit: boolean; }'.
lib/middleware/auth-middleware.ts(27,17): error TS2769: No overload matches this call.
lib/server.ts(50,25): error TS7030: Not all code paths return a value.
lib/services/context-assembler.service.ts(57,20): error TS2345: Argument of type 'DocumentResult' is not assignable to parameter of type 'never'.
lib/services/library-resolution.service.ts(115,53): error TS18046: 'error' is of type 'unknown'.
lib/services/library.service.ts(184,9): error TS2322: Type '{ alias: string; }' is not assignable to type 'LibraryAliasWhereUniqueInput'.
lib/services/user-auth.service.ts(169,9): error TS2322: Type 'AuthenticatedUser | null' is not assignable to type 'AuthenticatedUser | undefined'.
lib/services/vector-search.service.ts(253,20): error TS2345: Argument of type 'DocumentResult' is not assignable to parameter of type 'never'.
lib/user-limits.ts(43,25): error TS2769: No overload matches this call.
lib/user-limits.ts(73,35): error TS2769: No overload matches this call.
lib/user-limits.ts(89,36): error TS2769: No overload matches this call.
lib/user-limits.ts(112,25): error TS2769: No overload matches this call.
lib/user-limits.ts(142,25): error TS2769: No overload matches this call.
lib/user-limits.ts(197,36): error TS2769: No overload matches this call.
lib/user-limits.ts(211,25): error TS2769: No overload matches this call.
prisma/seed.ts(12,5): error TS2322: Type '{ name: string; settings: { defaultQuotas: { requestsPerMinute: number; requestsPerDay: number; }; }; }' is not assignable to type '(Without<ClientCreateInput, ClientUncheckedCreateInput> & ClientUncheckedCreateInput) | (Without<...> & ClientCreateInput)'.
scripts/failover-manager.ts(1,10): error TS2305: Module '"@kubernetes/client-node"' has no exported member 'KubernetesAPI'.
scripts/failover-manager.ts(9,11): error TS2564: Property 'healthCheckInterval' has no initializer and is not definitely assigned in the constructor.
scripts/failover-manager.ts(42,56): error TS18046: 'error' is of type 'unknown'.
scripts/failover-manager.ts(55,9): error TS2769: No overload matches this call.
scripts/failover-manager.ts(95,53): error TS18046: 'error' is of type 'unknown'.
scripts/failover-manager.ts(114,15): error TS2339: Property 'api' does not exist on type '{ primary: string; secondary: string; }'.
scripts/init-twinmcp.ts(42,51): error TS18046: 'error' is of type 'unknown'.
scripts/init-twinmcp.ts(57,72): error TS2345: Argument of type '{ query: string; limit: number; }' is not assignable to parameter of type '{ query: string; limit: number; include_aliases: boolean; context?: { framework?: string | undefined; language?: string | undefined; ecosystem?: string | undefined; } | undefined; }'.
scripts/init-twinmcp.ts(63,58): error TS18046: 'error' is of type 'unknown'.
scripts/init-twinmcp.ts(68,68): error TS2345: Argument of type '{ library_id: string; query: string; max_results: number; }' is not assignable to parameter of type '{ query: string; library_id: string; max_results: number; include_code: boolean; context_limit: number; version?: string | undefined; }'.
scripts/init-twinmcp.ts(75,53): error TS18046: 'error' is of type 'unknown'.
scripts/init-twinmcp.ts(92,57): error TS18046: 'error' is of type 'unknown'.
scripts/performance-monitor.ts(16,10): error TS2339: Property 'responseTimeHistogram' does not exist on type 'PerformanceMonitor'.
scripts/performance-monitor.ts(23,10): error TS2339: Property 'requestRateGauge' does not exist on type 'PerformanceMonitor'.
scripts/performance-monitor.ts(29,10): error TS2339: Property 'errorRateGauge' does not exist on type 'PerformanceMonitor'.
scripts/performance-monitor.ts(35,10): error TS2339: Property 'activeConnectionsGauge' does not exist on type 'PerformanceMonitor'.
scripts/performance-monitor.ts(40,10): error TS2339: Property 'queueLengthGauge' does not exist on type 'PerformanceMonitor'.
scripts/performance-monitor.ts(53,10): error TS2339: Property 'responseTimeHistogram' does not exist on type 'PerformanceMonitor'.
scripts/performance-monitor.ts(59,12): error TS2339: Property 'errorRateGauge' does not exist on type 'PerformanceMonitor'.
src/chunkers/semantic.chunker.ts(58,25): error TS2345: Argument of type '{ title: string; content: string; startPosition: number; endPosition: number; type: "introduction" | "explanation" | "code" | "example" | "conclusion"; }' is not assignable to parameter of type 'never'.
src/chunkers/semantic.chunker.ts(81,21): error TS2345: Argument of type '{ title: string; content: string; startPosition: number; endPosition: number; type: "code" | "example" | "introduction" | "explanation" | "conclusion"; }' is not assignable to parameter of type 'never'.
src/components/AnalyticsDashboard.tsx(5,23): error TS2307: Cannot find module '@/components/ui/input' or its corresponding type declarations.
src/components/AnalyticsDashboard.tsx(6,79): error TS2307: Cannot find module '@/components/ui/select' or its corresponding type declarations.
src/components/AnalyticsDashboard.tsx(12,8): error TS2307: Cannot find module 'recharts' or its corresponding type declarations.
src/components/BillingDashboard.tsx(8,19): error TS2305: Module '"../types/invoice.types"' has no exported member 'Payment'.
src/components/ChatInterface.tsx(4,8): error TS2613: Module '"C:/Users/sofia/Desktop/TwinMCP-main/src/components/MessageList"' has no default export. Did you mean to use 'import { MessageList } from "C:/Users/sofia/Desktop/TwinMCP-main/src/components/MessageList"' instead?
src/components/ChatInterface.tsx(5,8): error TS2613: Module '"C:/Users/sofia/Desktop/TwinMCP-main/src/components/MessageInput"' has no default export. Did you mean to use 'import { MessageInput } from "C:/Users/sofia/Desktop/TwinMCP-main/src/components/MessageInput"' instead?
src/components/ChatInterface.tsx(6,8): error TS2613: Module '"C:/Users/sofia/Desktop/TwinMCP-main/src/components/ConversationSidebar"' has no default export. Did you mean to use 'import { ConversationSidebar } from "C:/Users/sofia/Desktop/TwinMCP-main/src/components/ConversationSidebar"' instead?
src/components/ChatInterface.tsx(7,8): error TS2613: Module '"C:/Users/sofia/Desktop/TwinMCP-main/src/components/SettingsPanel"' has no default export. Did you mean to use 'import { SettingsPanel } from "C:/Users/sofia/Desktop/TwinMCP-main/src/components/SettingsPanel"' instead?
src/components/EnhancedBillingDashboard.tsx(18,8): error TS2307: Cannot find module 'recharts' or its corresponding type declarations.
src/components/MonitoringDashboard.tsx(126,13): error TS7030: Not all code paths return a value.
src/config/pinecone.ts(104,13): error TS2322: Type '{ id: string; values: number[]; metadata: VectorMetadata; }[]' is not assignable to type 'PineconeRecord[]'.
src/config/storage.ts(295,9): error TS2769: No overload matches this call.
src/controllers/enhanced-search.controller.ts(68,9): error TS2554: Expected 1 arguments, but got 3.
src/gateway/api-gateway.ts(102,34): error TS2339: Property 'getResponseTime' does not exist on type 'FastifyReply<RouteGenericInterface, RawServerDefault, IncomingMessage, ServerResponse<IncomingMessage>, unknown, FastifySchema, FastifyTypeProviderDefault, unknown>'.
src/gateway/api-gateway.ts(243,34): error TS18046: 'error' is of type 'unknown'.
src/gateway/api-gateway.ts(245,39): error TS18046: 'error' is of type 'unknown'.
src/lib/rate-limiting/monitoring.ts(119,17): error TS2345: Argument of type 'string' is not assignable to parameter of type 'never'.
src/lib/rate-limiting/monitoring.ts(179,27): error TS2345: Argument of type '{ userId: string; requests: number; }' is not assignable to parameter of type 'never'.
src/lib/rate-limiting/monitoring.ts(184,25): error TS2339: Property 'requests' does not exist on type 'never'.
src/lib/rate-limiting/monitoring.ts(184,38): error TS2339: Property 'requests' does not exist on type 'never'.
src/lib/rate-limiting/monitoring.ts(197,25): error TS2345: Argument of type '{ ip: string; requests: number; }' is not assignable to parameter of type 'never'.
src/lib/rate-limiting/monitoring.ts(202,25): error TS2339: Property 'requests' does not exist on type 'never'.
src/lib/rate-limiting/monitoring.ts(202,38): error TS2339: Property 'requests' does not exist on type 'never'.
src/parsers/json.parser.ts(161,12): error TS2571: Object is of type 'unknown'.
src/parsers/json.parser.ts(161,56): error TS18046: 'count' is of type 'unknown'.
src/parsers/markdown.parser.ts(176,27): error TS2345: Argument of type 'string' is not assignable to parameter of type 'never'.
src/parsers/markdown.parser.ts(214,22): error TS2345: Argument of type 'any' is not assignable to parameter of type 'never'.
src/parsers/markdown.parser.ts(228,22): error TS2345: Argument of type 'any' is not assignable to parameter of type 'never'.
src/parsers/markdown.parser.ts(243,24): error TS2345: Argument of type 'any' is not assignable to parameter of type 'never'.
src/parsers/markdown.parser.ts(257,22): error TS2345: Argument of type 'any' is not assignable to parameter of type 'never'.
src/routes/library-search.routes.ts(7,69): error TS2339: Property 'redis' does not exist on type 'FastifyInstance<RawServerDefault, IncomingMessage, ServerResponse<IncomingMessage>, FastifyBaseLogger, FastifyTypeProviderDefault>'.
src/routes/library-search.routes.ts(9,13): error TS2339: Property 'librarySearchService' does not exist on type 'FastifyInstance<RawServerDefault, IncomingMessage, ServerResponse<IncomingMessage>, FastifyBaseLogger, FastifyTypeProviderDefault>'.
src/routes/library-search.routes.ts(10,13): error TS2339: Property 'libraryAnalyticsService' does not exist on type 'FastifyInstance<RawServerDefault, IncomingMessage, ServerResponse<IncomingMessage>, FastifyBaseLogger, FastifyTypeProviderDefault>'.
src/routes/library-search.routes.ts(11,13): error TS2339: Property 'cacheService' does not exist on type 'FastifyInstance<RawServerDefault, IncomingMessage, ServerResponse<IncomingMessage>, FastifyBaseLogger, FastifyTypeProviderDefault>'.
src/scripts/populate-libraries.ts(61,30): error TS2339: Property 'html_url' does not exist on type 'never'.
src/scripts/populate-libraries.ts(69,26): error TS2339: Property 'stargazers_count' does not exist on type 'never'.
src/scripts/populate-libraries.ts(70,26): error TS2339: Property 'forks_count' does not exist on type 'never'.
src/scripts/populate-libraries.ts(71,27): error TS2339: Property 'open_issues_count' does not exist on type 'never'.
src/scripts/populate-libraries.ts(72,29): error TS2339: Property 'language' does not exist on type 'never'.
src/services/api-key.service.ts(187,19): error TS2345: Argument of type 'string' is not assignable to parameter of type 'never'.
src/services/api-key.service.ts(188,19): error TS2345: Argument of type 'string | number | boolean | Date | string[]' is not assignable to parameter of type 'never'.
src/services/api-key.service.ts(194,17): error TS2345: Argument of type '"updated_at = NOW()"' is not assignable to parameter of type 'never'.
src/services/api-key.service.ts(195,17): error TS2345: Argument of type 'string' is not assignable to parameter of type 'never'.
src/services/backup/backup.service.ts(65,7): error TS2769: No overload matches this call.
src/services/context/context-assembly.service.ts(199,7): error TS2739: Type '{}' is missing the following properties from type '{ userId?: string | undefined; sessionId?: string | undefined; requestId?: string | undefined; purpose: "chat" | "code" | "documentation" | "analysis" | "translation"; priority: "low" | ... 1 more ... | "normal"; }': purpose, priority
src/services/context/context-cache.service.ts(76,32): error TS2339: Property 'crawledContent' does not exist on type 'PrismaClient<PrismaClientOptions, never, DefaultArgs>'.
src/services/context/context-optimization.service.ts(46,71): error TS2345: Argument of type '{ openaiApiKey: string; defaultModel: string; maxRetries: number; retryDelay: number; }' is not assignable to parameter of type 'EmbeddingGenerationConfig'.
src/services/context/context-selection.service.ts(41,71): error TS2345: Argument of type '{ openaiApiKey: string; defaultModel: string; maxRetries: number; retryDelay: number; }' is not assignable to parameter of type 'EmbeddingGenerationConfig'.
src/services/context/context-selection.service.ts(90,7): error TS2739: Type '{}' is missing the following properties from type '{ userId?: string | undefined; sessionId?: string | undefined; requestId?: string | undefined; purpose: "chat" | "code" | "documentation" | "analysis" | "translation"; priority: "low" | ... 1 more ... | "normal"; }': purpose, priority
src/services/context/context-selection.service.ts(100,34): error TS2339: Property 'crawledContent' does not exist on type 'PrismaClient<PrismaClientOptions, never, DefaultArgs>'.
src/services/context/context-selection.service.ts(128,18): error TS2353: Object literal may only specify known properties, and 'createdAt' does not exist in type 'MessageOrderByWithRelationInput | MessageOrderByWithRelationInput[]'.
src/services/context/context-selection.service.ts(133,47): error TS2740: Type '{}' is missing the following properties from type '{ url: string; title: string; section?: string | undefined; subsection?: string | undefined; codeLanguage?: string | undefined; contentType: "text" | "code" | "example" | "api"; position: number; totalChunks: number; version?: string | undefined; lastModified: Date; }': url, title, contentType, position, and 2 more.
src/services/context/context-selection.service.ts(148,54): error TS2339: Property 'createdAt' does not exist on type 'GetResult<{ id: string; conversationId: string; role: string; content: string; timestamp: Date; metadata: JsonValue; }, unknown> & {}'.
src/services/database.service.ts(243,16): error TS7030: Not all code paths return a value.
src/services/database.service.ts(323,9): error TS2322: Type '{ name: string; domain?: string | undefined; apiKeys?: any; settings?: any; }' is not assignable to type '(Without<ClientCreateInput, ClientUncheckedCreateInput> & ClientUncheckedCreateInput) | (Without<...> & ClientCreateInput)'.
src/services/document-indexation.service.ts(24,34): error TS2306: File 'C:/Users/sofia/Desktop/TwinMCP-main/src/chunkers/fixed-size.chunker.ts' is not a module.
src/services/image/image.service.ts(31,25): error TS2503: Cannot find namespace 'vision'.
src/services/image/image.service.ts(35,30): error TS2503: Cannot find namespace 'vision'.
src/services/library/dependency-analysis.service.ts(57,9): error TS2353: Object literal may only specify known properties, and 'dependencies' does not exist in type 'LibraryInclude<DefaultArgs>'.
src/services/library/fuzzy-search.service.ts(54,71): error TS2345: Argument of type '{ openaiApiKey: string; defaultModel: string; maxRetries: number; retryDelay: number; }' is not assignable to parameter of type 'EmbeddingGenerationConfig'.
src/services/library/fuzzy-search.service.ts(110,47): error TS2740: Type '{}' is missing the following properties from type '{ url: string; title: string; section?: string | undefined; subsection?: string | undefined; codeLanguage?: string | undefined; contentType: "text" | "code" | "example" | "api"; position: number; totalChunks: number; version?: string | undefined; lastModified: Date; }': url, title, contentType, position, and 2 more.
src/services/library/multi-criteria-search.service.ts(64,22): error TS2353: Object literal may only specify known properties, and 'publishedAt' does not exist in type 'LibraryVersionOrderByWithRelationInput | LibraryVersionOrderByWithRelationInput[]'.
src/services/library/recommendation.service.ts(40,71): error TS2345: Argument of type '{ openaiApiKey: string; defaultModel: string; maxRetries: number; retryDelay: number; }' is not assignable to parameter of type 'EmbeddingGenerationConfig'.
src/services/library/recommendation.service.ts(102,13): error TS2353: Object literal may only specify known properties, and 'category' does not exist in type 'LibraryWhereInput'.
src/services/library/recommendation.service.ts(106,18): error TS2353: Object literal may only specify known properties, and 'qualityScore' does not exist in type 'LibraryOrderByWithRelationInput | LibraryOrderByWithRelationInput[]'.
src/services/oauth.service.ts(130,7): error TS2322: Type 'string | null' is not assignable to type 'string | undefined'.
src/services/oauth.service.ts(131,7): error TS2322: Type 'string | null' is not assignable to type 'string | undefined'.
src/services/payment-providers/index.ts(4,10): error TS2305: Module '"../../types/invoice.types"' has no exported member 'Payment'.
src/services/payment-providers/paypal.service.ts(2,10): error TS2305: Module '"../../types/invoice.types"' has no exported member 'Payment'.
src/services/payment-providers/paypal.service.ts(2,19): error TS2305: Module '"../../types/invoice.types"' has no exported member 'PaymentStatus'.
src/services/payment-providers/stripe.service.ts(2,10): error TS2305: Module '"../../types/invoice.types"' has no exported member 'Payment'.
src/services/payment-providers/stripe.service.ts(2,19): error TS2305: Module '"../../types/invoice.types"' has no exported member 'PaymentMethod'.
src/services/payment-providers/stripe.service.ts(2,34): error TS2305: Module '"../../types/invoice.types"' has no exported member 'PaymentStatus'.
src/services/payment-providers/wise.service.ts(1,10): error TS2305: Module '"../../types/invoice.types"' has no exported member 'Payment'.
src/services/payment-providers/wise.service.ts(1,19): error TS2305: Module '"../../types/invoice.types"' has no exported member 'PaymentStatus'.
src/services/payment.service.ts(4,3): error TS2305: Module '"../types/invoice.types"' has no exported member 'Payment'.
src/services/payment.service.ts(5,3): error TS2305: Module '"../types/invoice.types"' has no exported member 'PaymentStatus'.
src/services/payment.service.ts(6,3): error TS2305: Module '"../types/invoice.types"' has no exported member 'PaymentMethod'.
src/services/personalization.service.ts(273,9): error TS2322: Type '"custom"' is not assignable to type '"light" | "system" | "dark" | "auto"'.
src/services/reconciliation.service.ts(4,23): error TS2307: Cannot find module 'xlsx' or its corresponding type declarations.
src/services/reporting.service.ts(179,59): error TS2554: Expected 1 arguments, but got 2.
src/services/search-matching.service.ts(231,11): error TS18048: 'query.context' is possibly 'undefined'.
src/services/search-matching.service.ts(237,11): error TS18048: 'query.context' is possibly 'undefined'.
src/services/search-matching.service.ts(238,28): error TS18048: 'query.context' is possibly 'undefined'.
src/services/search-matching.service.ts(246,11): error TS18048: 'query.context' is possibly 'undefined'.
src/services/search-matching.service.ts(252,11): error TS18048: 'query.context' is possibly 'undefined'.
src/test/database.test.ts(104,25): error TS2339: Property 'email' does not exist on type '{}'.
src/test/database.test.ts(105,25): error TS2339: Property 'id' does not exist on type '{}'.
src/test/database.test.ts(140,22): error TS2339: Property 'length' does not exist on type '{}'.
src/test/database.test.ts(152,14): error TS18048: 'log' is possibly 'undefined'.
src/test/database.test.ts(153,14): error TS18048: 'log' is possibly 'undefined'.
