app/api/create-checkout-session/route.ts(119,21): error TS2339: Property 'priceId' does not exist on type '{ amount: number; } | { amount: number; } | { priceId: string | undefined; amount: number; } | { priceId: string | undefined; amount: number; } | { priceId: string | undefined; amount: number; } | { ...; }'.
app/api/create-checkout-session/route.ts(119,45): error TS2339: Property 'priceId' does not exist on type '{ amount: number; } | { amount: number; } | { priceId: string | undefined; amount: number; } | { priceId: string | undefined; amount: number; } | { priceId: string | undefined; amount: number; } | { ...; }'.
app/api/create-checkout-session/route.ts(122,28): error TS2339: Property 'priceId' does not exist on type '{ amount: number; } | { amount: number; } | { priceId: string | undefined; amount: number; } | { priceId: string | undefined; amount: number; } | { priceId: string | undefined; amount: number; } | { ...; }'.
app/api/mcp/oauth/route.ts(24,18): error TS2339: Property 'plan' does not exist on type 'GetResult<{ id: string; email: string; name: string | null; avatar: string | null; hashedPassword: string | null; oauthProvider: string | null; oauthId: string | null; role: Role; clientId: string; createdAt: Date; updatedAt: Date; }, unknown> & {}'.
app/dashboard/api-keys/page.tsx(170,54): error TS18046: 'error' is of type 'unknown'.
app/dashboard/api-keys/page.tsx(193,46): error TS18046: 'error' is of type 'unknown'.
app/dashboard/api-keys/page.tsx(293,56): error TS18048: 'key.usage.successRate' is possibly 'undefined'.
app/dashboard/page.tsx(286,13): error TS7030: Not all code paths return a value.
app/debug-login/page.tsx(37,44): error TS2345: Argument of type 'Auth | null' is not assignable to parameter of type 'Auth'.
app/debug-login/page.tsx(55,55): error TS2345: Argument of type 'Auth | null' is not assignable to parameter of type 'Auth'.
components/auth-provider.tsx(74,29): error TS2345: Argument of type 'string | undefined' is not assignable to parameter of type 'string'.
components/PaymentForm.tsx(29,9): error TS2322: Type '"card" | "bank_account" | "sepa"' is not assignable to type '"other" | "card" | "bank_account" | "paypal"'.
components/PaymentForm.tsx(30,9): error TS2322: Type '"paypal" | "stripe" | "wise"' is not assignable to type 'PaymentProvider'.
config/mcp-server.config.ts(16,5): error TS2353: Object literal may only specify known properties, and 'logging' does not exist in type '{ port: number; host: string; cors: boolean; rateLimit: boolean; }'.
config/mcp-server.config.ts(49,5): error TS2353: Object literal may only specify known properties, and 'logging' does not exist in type '{ port: number; host: string; cors: boolean; rateLimit: boolean; }'.
lib/express-server.ts(31,32): error TS7030: Not all code paths return a value.
lib/mcp/servers/http-mcp-server.ts(72,30): error TS7030: Not all code paths return a value.
lib/mcp/utils/server-factory.ts(253,13): error TS2353: Object literal may only specify known properties, and 'logging' does not exist in type '{ port: number; host: string; cors: boolean; rateLimit: boolean; }'.
lib/mcp/utils/server-factory.ts(273,13): error TS2353: Object literal may only specify known properties, and 'logging' does not exist in type '{ port: number; host: string; cors: boolean; rateLimit: boolean; }'.
lib/server.ts(50,25): error TS7030: Not all code paths return a value.
lib/services/library-resolution.service.ts(115,53): error TS18046: 'error' is of type 'unknown'.
lib/services/library.service.ts(184,9): error TS2322: Type '{ alias: string; }' is not assignable to type 'LibraryAliasWhereUniqueInput'.
lib/services/user-auth.service.ts(169,9): error TS2322: Type 'AuthenticatedUser | null' is not assignable to type 'AuthenticatedUser | undefined'.
prisma/seed.ts(12,5): error TS2322: Type '{ name: string; settings: { defaultQuotas: { requestsPerMinute: number; requestsPerDay: number; }; }; }' is not assignable to type '(Without<ClientCreateInput, ClientUncheckedCreateInput> & ClientUncheckedCreateInput) | (Without<...> & ClientCreateInput)'.
scripts/failover-manager.ts(1,10): error TS2305: Module '"@kubernetes/client-node"' has no exported member 'KubernetesAPI'.
scripts/failover-manager.ts(9,11): error TS2564: Property 'healthCheckInterval' has no initializer and is not definitely assigned in the constructor.
scripts/failover-manager.ts(42,56): error TS18046: 'error' is of type 'unknown'.
scripts/failover-manager.ts(55,9): error TS2769: No overload matches this call.
scripts/failover-manager.ts(95,53): error TS18046: 'error' is of type 'unknown'.
scripts/failover-manager.ts(114,15): error TS2339: Property 'api' does not exist on type '{ primary: string; secondary: string; }'.
scripts/init-twinmcp.ts(42,51): error TS18046: 'error' is of type 'unknown'.
scripts/init-twinmcp.ts(57,72): error TS2345: Argument of type '{ query: string; limit: number; }' is not assignable to parameter of type '{ query: string; limit: number; include_aliases: boolean; context?: { language?: string | undefined; framework?: string | undefined; ecosystem?: string | undefined; } | undefined; }'.
scripts/init-twinmcp.ts(63,58): error TS18046: 'error' is of type 'unknown'.
scripts/init-twinmcp.ts(68,68): error TS2345: Argument of type '{ library_id: string; query: string; max_results: number; }' is not assignable to parameter of type '{ query: string; library_id: string; max_results: number; include_code: boolean; context_limit: number; version?: string | undefined; }'.
scripts/init-twinmcp.ts(75,53): error TS18046: 'error' is of type 'unknown'.
scripts/init-twinmcp.ts(92,57): error TS18046: 'error' is of type 'unknown'.
scripts/performance-monitor.ts(16,10): error TS2339: Property 'responseTimeHistogram' does not exist on type 'PerformanceMonitor'.
scripts/performance-monitor.ts(23,10): error TS2339: Property 'requestRateGauge' does not exist on type 'PerformanceMonitor'.
scripts/performance-monitor.ts(29,10): error TS2339: Property 'errorRateGauge' does not exist on type 'PerformanceMonitor'.
scripts/performance-monitor.ts(35,10): error TS2339: Property 'activeConnectionsGauge' does not exist on type 'PerformanceMonitor'.
scripts/performance-monitor.ts(40,10): error TS2339: Property 'queueLengthGauge' does not exist on type 'PerformanceMonitor'.
scripts/performance-monitor.ts(53,10): error TS2339: Property 'responseTimeHistogram' does not exist on type 'PerformanceMonitor'.
scripts/performance-monitor.ts(59,12): error TS2339: Property 'errorRateGauge' does not exist on type 'PerformanceMonitor'.
src/components/AnalyticsDashboard.tsx(5,23): error TS2307: Cannot find module '@/components/ui/input' or its corresponding type declarations.
src/components/AnalyticsDashboard.tsx(6,79): error TS2307: Cannot find module '@/components/ui/select' or its corresponding type declarations.
src/components/AnalyticsDashboard.tsx(12,8): error TS2307: Cannot find module 'recharts' or its corresponding type declarations.
src/components/ChatInterface.tsx(4,8): error TS2613: Module '"C:/Users/sofia/Desktop/TwinMCP-main/src/components/MessageList"' has no default export. Did you mean to use 'import { MessageList } from "C:/Users/sofia/Desktop/TwinMCP-main/src/components/MessageList"' instead?
src/components/ChatInterface.tsx(5,8): error TS2613: Module '"C:/Users/sofia/Desktop/TwinMCP-main/src/components/MessageInput"' has no default export. Did you mean to use 'import { MessageInput } from "C:/Users/sofia/Desktop/TwinMCP-main/src/components/MessageInput"' instead?
src/components/ChatInterface.tsx(6,8): error TS2613: Module '"C:/Users/sofia/Desktop/TwinMCP-main/src/components/ConversationSidebar"' has no default export. Did you mean to use 'import { ConversationSidebar } from "C:/Users/sofia/Desktop/TwinMCP-main/src/components/ConversationSidebar"' instead?
src/components/ChatInterface.tsx(7,8): error TS2613: Module '"C:/Users/sofia/Desktop/TwinMCP-main/src/components/SettingsPanel"' has no default export. Did you mean to use 'import { SettingsPanel } from "C:/Users/sofia/Desktop/TwinMCP-main/src/components/SettingsPanel"' instead?
src/components/EnhancedBillingDashboard.tsx(18,8): error TS2307: Cannot find module 'recharts' or its corresponding type declarations.
src/components/MonitoringDashboard.tsx(126,13): error TS7030: Not all code paths return a value.
src/config/pinecone.ts(104,13): error TS2322: Type '{ id: string; values: number[]; metadata: VectorMetadata; }[]' is not assignable to type 'PineconeRecord[]'.
src/config/storage.ts(295,9): error TS2769: No overload matches this call.
src/controllers/enhanced-search.controller.ts(68,9): error TS2554: Expected 1 arguments, but got 3.
src/gateway/api-gateway.ts(102,34): error TS2339: Property 'getResponseTime' does not exist on type 'FastifyReply<RouteGenericInterface, RawServerDefault, IncomingMessage, ServerResponse<IncomingMessage>, unknown, FastifySchema, FastifyTypeProviderDefault, unknown>'.
src/gateway/api-gateway.ts(245,39): error TS18046: 'error' is of type 'unknown'.
src/parsers/json.parser.ts(161,12): error TS2571: Object is of type 'unknown'.
src/parsers/json.parser.ts(161,56): error TS18046: 'count' is of type 'unknown'.
src/routes/library-search.routes.ts(7,69): error TS2339: Property 'redis' does not exist on type 'FastifyInstance<RawServerDefault, IncomingMessage, ServerResponse<IncomingMessage>, FastifyBaseLogger, FastifyTypeProviderDefault>'.
src/routes/library-search.routes.ts(9,13): error TS2339: Property 'librarySearchService' does not exist on type 'FastifyInstance<RawServerDefault, IncomingMessage, ServerResponse<IncomingMessage>, FastifyBaseLogger, FastifyTypeProviderDefault>'.
src/routes/library-search.routes.ts(10,13): error TS2339: Property 'libraryAnalyticsService' does not exist on type 'FastifyInstance<RawServerDefault, IncomingMessage, ServerResponse<IncomingMessage>, FastifyBaseLogger, FastifyTypeProviderDefault>'.
src/routes/library-search.routes.ts(11,13): error TS2339: Property 'cacheService' does not exist on type 'FastifyInstance<RawServerDefault, IncomingMessage, ServerResponse<IncomingMessage>, FastifyBaseLogger, FastifyTypeProviderDefault>'.
src/scripts/populate-libraries.ts(61,30): error TS2339: Property 'html_url' does not exist on type 'never'.
src/scripts/populate-libraries.ts(69,26): error TS2339: Property 'stargazers_count' does not exist on type 'never'.
src/scripts/populate-libraries.ts(70,26): error TS2339: Property 'forks_count' does not exist on type 'never'.
src/scripts/populate-libraries.ts(71,27): error TS2339: Property 'open_issues_count' does not exist on type 'never'.
src/scripts/populate-libraries.ts(72,29): error TS2339: Property 'language' does not exist on type 'never'.
src/services/api-key.service.ts(187,19): error TS2345: Argument of type 'string' is not assignable to parameter of type 'never'.
src/services/api-key.service.ts(188,19): error TS2345: Argument of type 'string | number | boolean | Date | string[]' is not assignable to parameter of type 'never'.
src/services/api-key.service.ts(194,17): error TS2345: Argument of type '"updated_at = NOW()"' is not assignable to parameter of type 'never'.
src/services/api-key.service.ts(195,17): error TS2345: Argument of type 'string' is not assignable to parameter of type 'never'.
src/services/backup/backup.service.ts(65,7): error TS2769: No overload matches this call.
src/services/context/context-assembly.service.ts(199,7): error TS2739: Type '{}' is missing the following properties from type '{ userId?: string | undefined; sessionId?: string | undefined; requestId?: string | undefined; purpose: "chat" | "code" | "documentation" | "analysis" | "translation"; priority: "low" | ... 1 more ... | "normal"; }': purpose, priority
src/services/context/context-cache.service.ts(76,32): error TS2339: Property 'crawledContent' does not exist on type 'PrismaClient<PrismaClientOptions, never, DefaultArgs>'.
src/services/context/context-optimization.service.ts(46,71): error TS2345: Argument of type '{ openaiApiKey: string; defaultModel: string; maxRetries: number; retryDelay: number; }' is not assignable to parameter of type 'EmbeddingGenerationConfig'.
src/services/context/context-selection.service.ts(41,71): error TS2345: Argument of type '{ openaiApiKey: string; defaultModel: string; maxRetries: number; retryDelay: number; }' is not assignable to parameter of type 'EmbeddingGenerationConfig'.
src/services/context/context-selection.service.ts(90,7): error TS2739: Type '{}' is missing the following properties from type '{ userId?: string | undefined; sessionId?: string | undefined; requestId?: string | undefined; purpose: "chat" | "code" | "documentation" | "analysis" | "translation"; priority: "low" | ... 1 more ... | "normal"; }': purpose, priority
src/services/context/context-selection.service.ts(100,34): error TS2339: Property 'crawledContent' does not exist on type 'PrismaClient<PrismaClientOptions, never, DefaultArgs>'.
src/services/context/context-selection.service.ts(128,18): error TS2353: Object literal may only specify known properties, and 'createdAt' does not exist in type 'MessageOrderByWithRelationInput | MessageOrderByWithRelationInput[]'.
src/services/context/context-selection.service.ts(133,47): error TS2740: Type '{}' is missing the following properties from type '{ url: string; title: string; section?: string | undefined; subsection?: string | undefined; codeLanguage?: string | undefined; contentType: "text" | "code" | "example" | "api"; position: number; totalChunks: number; version?: string | undefined; lastModified: Date; }': url, title, contentType, position, and 2 more.
src/services/context/context-selection.service.ts(148,54): error TS2339: Property 'createdAt' does not exist on type 'GetResult<{ id: string; conversationId: string; role: string; content: string; timestamp: Date; metadata: JsonValue; }, unknown> & {}'.
src/services/database.service.ts(243,16): error TS7030: Not all code paths return a value.
src/services/database.service.ts(323,9): error TS2322: Type '{ name: string; domain?: string | undefined; apiKeys?: any; settings?: any; }' is not assignable to type '(Without<ClientCreateInput, ClientUncheckedCreateInput> & ClientUncheckedCreateInput) | (Without<...> & ClientCreateInput)'.
src/services/document-indexation.service.ts(24,34): error TS2306: File 'C:/Users/sofia/Desktop/TwinMCP-main/src/chunkers/fixed-size.chunker.ts' is not a module.
src/services/image/image.service.ts(31,25): error TS2503: Cannot find namespace 'vision'.
src/services/image/image.service.ts(35,30): error TS2503: Cannot find namespace 'vision'.
src/services/library/dependency-analysis.service.ts(57,9): error TS2353: Object literal may only specify known properties, and 'dependencies' does not exist in type 'LibraryInclude<DefaultArgs>'.
src/services/library/fuzzy-search.service.ts(54,71): error TS2345: Argument of type '{ openaiApiKey: string; defaultModel: string; maxRetries: number; retryDelay: number; }' is not assignable to parameter of type 'EmbeddingGenerationConfig'.
src/services/library/fuzzy-search.service.ts(110,47): error TS2740: Type '{}' is missing the following properties from type '{ url: string; title: string; section?: string | undefined; subsection?: string | undefined; codeLanguage?: string | undefined; contentType: "text" | "code" | "example" | "api"; position: number; totalChunks: number; version?: string | undefined; lastModified: Date; }': url, title, contentType, position, and 2 more.
src/services/library/multi-criteria-search.service.ts(64,22): error TS2353: Object literal may only specify known properties, and 'publishedAt' does not exist in type 'LibraryVersionOrderByWithRelationInput | LibraryVersionOrderByWithRelationInput[]'.
src/services/library/recommendation.service.ts(40,71): error TS2345: Argument of type '{ openaiApiKey: string; defaultModel: string; maxRetries: number; retryDelay: number; }' is not assignable to parameter of type 'EmbeddingGenerationConfig'.
src/services/library/recommendation.service.ts(102,13): error TS2353: Object literal may only specify known properties, and 'category' does not exist in type 'LibraryWhereInput'.
src/services/library/recommendation.service.ts(106,18): error TS2353: Object literal may only specify known properties, and 'qualityScore' does not exist in type 'LibraryOrderByWithRelationInput | LibraryOrderByWithRelationInput[]'.
src/services/payment-providers/index.ts(34,39): error TS2345: Argument of type 'PaymentProvider' is not assignable to parameter of type '"paypal" | "stripe" | "wise"'.
src/services/payment-providers/stripe.service.ts(48,17): error TS2339: Property 'method' does not exist on type 'Payment'.
src/services/payment.service.ts(30,7): error TS2322: Type '"paypal" | "stripe" | "wise"' is not assignable to type 'PaymentProvider'.
src/services/payment.service.ts(67,7): error TS2353: Object literal may only specify known properties, and 'method' does not exist in type 'Payment'.
src/services/payment.service.ts(94,7): error TS2353: Object literal may only specify known properties, and 'method' does not exist in type 'Payment'.
src/services/payment.service.ts(111,5): error TS2322: Type '{ id: any; invoiceId: any; userId: any; amount: number; currency: any; status: PaymentStatus; method: any; provider: any; providerTransactionId: any; failureReason: any; refundedAmount: number | undefined; createdAt: any; processedAt: any; metadata: any; }[]' is not assignable to type 'Payment[]'.
src/services/payment.service.ts(184,32): error TS2339: Property 'method' does not exist on type 'Payment'.
src/services/payment.service.ts(234,59): error TS2345: Argument of type 'PaymentProvider' is not assignable to parameter of type '"paypal" | "stripe" | "wise"'.
src/services/reconciliation.service.ts(4,23): error TS2307: Cannot find module 'xlsx' or its corresponding type declarations.
src/services/reporting.service.ts(179,59): error TS2554: Expected 1 arguments, but got 2.
src/test/database.test.ts(104,25): error TS2339: Property 'email' does not exist on type '{}'.
src/test/database.test.ts(105,25): error TS2339: Property 'id' does not exist on type '{}'.
src/test/database.test.ts(140,22): error TS2339: Property 'length' does not exist on type '{}'.
src/test/database.test.ts(152,14): error TS18048: 'log' is possibly 'undefined'.
src/test/database.test.ts(153,14): error TS18048: 'log' is possibly 'undefined'.
